[2021-04-10T23:04:58.311] [INFO] response - 
*************** response log start ***************
request method: GET
request originalUrl:  /socketjava/socket.io/?EIO=4&transport=polling&t=NYyK8gK
request client ip:  ::ffff:127.0.0.1
request query:  {"EIO":"4","transport":"polling","t":"NYyK8gK"}
response time: 4
response status: 200
response body: 
"{\n  \"code\": 401,\n  \"message\": \"请登录！！\",\n  \"result\": {}\n}"
*************** response log end ***************

[2021-04-10T23:05:04.285] [INFO] response - 
*************** response log start ***************
request method: GET
request originalUrl:  /socketjava/socket.io/?EIO=4&transport=polling&t=NYyKA86
request client ip:  ::ffff:127.0.0.1
request query:  {"EIO":"4","transport":"polling","t":"NYyKA86"}
response time: 1
response status: 200
response body: 
"{\n  \"code\": 401,\n  \"message\": \"请登录！！\",\n  \"result\": {}\n}"
*************** response log end ***************

[2021-04-10T23:05:09.341] [INFO] response - 
*************** response log start ***************
request method: GET
request originalUrl:  /socketjava/socket.io/?EIO=4&transport=polling&t=NYyKBN5
request client ip:  ::ffff:127.0.0.1
request query:  {"EIO":"4","transport":"polling","t":"NYyKBN5"}
response time: 1
response status: 200
response body: 
"{\n  \"code\": 401,\n  \"message\": \"请登录！！\",\n  \"result\": {}\n}"
*************** response log end ***************

[2021-04-10T23:05:14.396] [INFO] response - 
*************** response log start ***************
request method: GET
request originalUrl:  /socketjava/socket.io/?EIO=4&transport=polling&t=NYyKCcD
request client ip:  ::ffff:127.0.0.1
request query:  {"EIO":"4","transport":"polling","t":"NYyKCcD"}
response time: 0
response status: 200
response body: 
"{\n  \"code\": 401,\n  \"message\": \"请登录！！\",\n  \"result\": {}\n}"
*************** response log end ***************

[2021-04-10T23:20:43.228] [INFO] response - 
*************** response log start ***************
request method: POST
request originalUrl:  /v1/module/socket/send
request client ip:  ::ffff:127.0.0.1
request body: 
{"queueName":"Jvan","msg":"12345621123312312312","phone":"18146628322","__files":{}}
response time: 87
response status: 200
response body: 
"{\n  \"code\": 0,\n  \"message\": \"success\",\n  \"result\": \"发送成功!\"\n}"
*************** response log end ***************

[2021-04-10T23:21:41.320] [INFO] response - 
*************** response log start ***************
request method: POST
request originalUrl:  /v1/module/socket/send
request client ip:  ::ffff:127.0.0.1
request body: 
{"queueName":"Jvan","msg":"12345621123312312312","phone":"18146628322","__files":{}}
response time: 26
response status: 200
response body: 
"{\n  \"code\": 0,\n  \"message\": \"success\",\n  \"result\": \"222\"\n}"
*************** response log end ***************

[2021-04-10T23:21:56.240] [INFO] response - 
*************** response log start ***************
request method: POST
request originalUrl:  /v1/module/socket/send
request client ip:  ::ffff:127.0.0.1
request body: 
{"queueName":"Jvan","msg":"12345621123312312312","phone":"18146628322","__files":{}}
response time: 86
response status: 200
response body: 
"{\n  \"code\": 0,\n  \"message\": \"success\",\n  \"result\": \"222\"\n}"
*************** response log end ***************

[2021-04-10T23:43:47.049] [INFO] response - 
*************** response log start ***************
request method: POST
request originalUrl:  /v1/module/socket/send
request client ip:  ::ffff:127.0.0.1
request body: 
{"queueName":"Jvan","msg":"12345621123312312312","phone":"18146628322","__files":{}}
response time: 19
response status: 200
response body: 
"{\n  \"code\": 0,\n  \"message\": \"success\",\n  \"result\": \"222\"\n}"
*************** response log end ***************

[2021-04-10T23:43:58.867] [INFO] response - 
*************** response log start ***************
request method: POST
request originalUrl:  /v1/module/socket/send
request client ip:  ::ffff:127.0.0.1
request body: 
{"queueName":"Jvan","msg":"12345621123312312312","phone":"18146628322","__files":{}}
response time: 53
response status: 200
response body: 
"{\n  \"code\": 0,\n  \"message\": \"success\",\n  \"result\": \"222\"\n}"
*************** response log end ***************

[2021-04-10T23:46:11.598] [INFO] response - 
*************** response log start ***************
request method: POST
request originalUrl:  /v1/module/socket/send
request client ip:  ::ffff:127.0.0.1
request body: 
{"queueName":"Jvan","msg":"12345621123312312312","phone":"18146628322","__files":{}}
response time: 35
response status: 200
response body: 
"{\n  \"code\": 0,\n  \"message\": \"success\",\n  \"result\": \"222\"\n}"
*************** response log end ***************

[2021-04-10T23:46:45.870] [INFO] response - 
*************** response log start ***************
request method: POST
request originalUrl:  /v1/module/socket/send
request client ip:  ::ffff:127.0.0.1
request body: 
{"queueName":"Jvan","msg":"12345621123312312312","phone":"18146628322","__files":{}}
response time: 44
response status: 200
response body: 
"{\n  \"code\": 0,\n  \"message\": \"success\",\n  \"result\": \"222\"\n}"
*************** response log end ***************

[2021-04-10T23:47:08.153] [INFO] response - 
*************** response log start ***************
request method: POST
request originalUrl:  /v1/module/socket/send
request client ip:  ::ffff:127.0.0.1
request body: 
{"queueName":"Jvan","msg":"12345621123312312312","phone":"18146628322","__files":{}}
response time: 31
response status: 200
response body: 
"{\n  \"code\": 0,\n  \"message\": \"success\",\n  \"result\": \"222\"\n}"
*************** response log end ***************

[2021-04-10T23:47:22.507] [INFO] response - 
*************** response log start ***************
request method: POST
request originalUrl:  /v1/module/socket/send
request client ip:  ::ffff:127.0.0.1
request body: 
{"queueName":"Jvan","msg":"12345621123312312312","phone":"18146628322","__files":{}}
response time: 53
response status: 200
response body: 
"{\n  \"code\": 0,\n  \"message\": \"success\",\n  \"result\": \"222\"\n}"
*************** response log end ***************

[2021-04-10T23:50:53.114] [INFO] response - 
*************** response log start ***************
request method: POST
request originalUrl:  /v1/module/socket/send
request client ip:  ::ffff:127.0.0.1
request body: 
{"queueName":"Jvan","msg":"12345621123312312312","phone":"18146628322","__files":{}}
response time: 34
response status: 200
response body: 
"{\n  \"code\": 0,\n  \"message\": \"success\",\n  \"result\": \"222\"\n}"
*************** response log end ***************

[2021-04-10T23:50:54.144] [INFO] response - 
*************** response log start ***************
request method: POST
request originalUrl:  /v1/module/socket/send
request client ip:  ::ffff:127.0.0.1
request body: 
{"queueName":"Jvan","msg":"12345621123312312312","phone":"18146628322","__files":{}}
response time: 5
response status: 200
response body: 
"{\n  \"code\": 0,\n  \"message\": \"success\",\n  \"result\": \"222\"\n}"
*************** response log end ***************

[2021-04-10T23:51:59.358] [INFO] response - 
*************** response log start ***************
request method: POST
request originalUrl:  /v1/module/socket/send
request client ip:  ::ffff:127.0.0.1
request body: 
{"queueName":"Jvan","msg":"12345621123312312312","phone":"18146628322","__files":{}}
response time: 28
response status: 200
response body: 
"{\n  \"code\": 0,\n  \"message\": \"success\",\n  \"result\": \"222\"\n}"
*************** response log end ***************

[2021-04-10T23:52:00.416] [INFO] response - 
*************** response log start ***************
request method: POST
request originalUrl:  /v1/module/socket/send
request client ip:  ::ffff:127.0.0.1
request body: 
{"queueName":"Jvan","msg":"12345621123312312312","phone":"18146628322","__files":{}}
response time: 1
response status: 200
response body: 
"{\n  \"code\": 0,\n  \"message\": \"success\",\n  \"result\": \"222\"\n}"
*************** response log end ***************

[2021-04-10T23:55:12.811] [INFO] response - 
*************** response log start ***************
request method: POST
request originalUrl:  /v1/module/socket/send
request client ip:  ::ffff:127.0.0.1
request body: 
{"queueName":"Jvan","msg":"12345621123312312312","phone":"18146628322","__files":{}}
response time: 25
response status: 200
response body: 
"{\n  \"code\": 0,\n  \"message\": \"success\",\n  \"result\": \"222\"\n}"
*************** response log end ***************

[2021-04-10T23:56:24.236] [INFO] response - 
*************** response log start ***************
request method: POST
request originalUrl:  /v1/module/socket/send
request client ip:  ::ffff:127.0.0.1
request body: 
{"queueName":"Jvan","msg":"12345621123312312312","phone":"18146628322","__files":{}}
response time: 45
response status: 200
response body: 
"{\n  \"code\": 0,\n  \"message\": \"success\",\n  \"result\": \"222\"\n}"
*************** response log end ***************

[2021-04-10T23:57:21.026] [INFO] response - 
*************** response log start ***************
request method: POST
request originalUrl:  /v1/module/socket/send
request client ip:  ::ffff:127.0.0.1
request body: 
{"queueName":"Jvan","msg":"12345621123312312312","phone":"18146628322","__files":{}}
response time: 22
response status: 200
response body: 
"{\n  \"code\": 0,\n  \"message\": \"success\",\n  \"result\": \"222\"\n}"
*************** response log end ***************

[2021-04-10T23:57:22.016] [INFO] response - 
*************** response log start ***************
request method: POST
request originalUrl:  /v1/module/socket/send
request client ip:  ::ffff:127.0.0.1
request body: 
{"queueName":"Jvan","msg":"12345621123312312312","phone":"18146628322","__files":{}}
response time: 2
response status: 200
response body: 
"{\n  \"code\": 0,\n  \"message\": \"success\",\n  \"result\": \"222\"\n}"
*************** response log end ***************

