[2021-04-09T22:39:26.074] [INFO] response - 
*************** response log start ***************
request method: POST
request originalUrl:  /v1/user/register
request client ip:  ::ffff:127.0.0.1
request body: 
{"name":"Jvan","password":"123456","phone":"18146628322"}
response time: 51
response status: 404
response body: 
undefined
*************** response log end ***************

[2021-04-09T22:39:27.735] [INFO] response - 
*************** response log start ***************
request method: POST
request originalUrl:  /v1/user/register
request client ip:  ::ffff:127.0.0.1
request body: 
{"name":"Jvan","password":"123456","phone":"18146628322"}
response time: 1
response status: 404
response body: 
undefined
*************** response log end ***************

[2021-04-09T22:39:30.418] [INFO] response - 
*************** response log start ***************
request method: POST
request originalUrl:  /v1/user/register
request client ip:  ::ffff:127.0.0.1
request body: 
{"name":"Jvan","password":"123456","phone":"18146628322"}
response time: 0
response status: 404
response body: 
undefined
*************** response log end ***************

[2021-04-09T22:39:52.640] [INFO] response - 
*************** response log start ***************
request method: POST
request originalUrl:  /v1/user/register
request client ip:  ::ffff:127.0.0.1
request body: 
{"name":"Jvan","password":"123456","phone":"18146628322"}
response time: 0
response status: 404
response body: 
undefined
*************** response log end ***************

[2021-04-09T22:40:04.649] [INFO] response - 
*************** response log start ***************
request method: POST
request originalUrl:  /v1/user/register
request client ip:  ::ffff:127.0.0.1
request body: 
{"name":"Jvan","password":"123456","phone":"18146628322"}
response time: 23
response status: 404
response body: 
undefined
*************** response log end ***************

[2021-04-09T22:40:05.682] [INFO] response - 
*************** response log start ***************
request method: POST
request originalUrl:  /v1/user/register
request client ip:  ::ffff:127.0.0.1
request body: 
{"name":"Jvan","password":"123456","phone":"18146628322"}
response time: 1
response status: 404
response body: 
undefined
*************** response log end ***************

[2021-04-09T22:40:21.397] [INFO] response - 
*************** response log start ***************
request method: POST
request originalUrl:  /v1/user/register
request client ip:  ::ffff:127.0.0.1
request body: 
{"name":"Jvan","password":"123456","phone":"18146628322","__files":{}}
response time: 137
response status: 200
response body: 
"{\n  \"code\": 499,\n  \"message\": \"手机号码已存在！\",\n  \"result\": {}\n}"
*************** response log end ***************

[2021-04-09T22:40:53.471] [INFO] response - 
*************** response log start ***************
request method: POST
request originalUrl:  /v1/user/register
request client ip:  ::ffff:127.0.0.1
request body: 
{"name":"Jvan","password":"123456","phone":"18146628322"}
response time: 80
response status: 404
response body: 
undefined
*************** response log end ***************

