[2021-04-10T22:09:38.894] [INFO] response - 
*************** response log start ***************
request method: POST
request originalUrl:  /v1/module/rabbitmq/send
request client ip:  ::ffff:127.0.0.1
request body: 
{"queueName":"Jvan1234567890","msg":"123456","phone":"18146628322","__files":{}}
response time: 96
response status: 200
response body: 
"{\n  \"code\": 0,\n  \"message\": \"success\",\n  \"result\": \"发送成功!\"\n}"
*************** response log end ***************

[2021-04-10T22:09:42.273] [INFO] response - 
*************** response log start ***************
request method: POST
request originalUrl:  /v1/module/rabbitmq/send
request client ip:  ::ffff:127.0.0.1
request body: 
{"queueName":"Jvan1234567890","msg":"123456","phone":"18146628322","__files":{}}
response time: 63
response status: 200
response body: 
"{\n  \"code\": 0,\n  \"message\": \"success\",\n  \"result\": \"发送成功!\"\n}"
*************** response log end ***************

[2021-04-10T22:09:46.954] [INFO] response - 
*************** response log start ***************
request method: POST
request originalUrl:  /v1/module/rabbitmq/send
request client ip:  ::ffff:127.0.0.1
request body: 
{"queueName":"Jvan1234567890","msg":"123456","phone":"18146628322","__files":{}}
response time: 65
response status: 200
response body: 
"{\n  \"code\": 0,\n  \"message\": \"success\",\n  \"result\": \"发送成功!\"\n}"
*************** response log end ***************

[2021-04-10T22:09:47.751] [INFO] response - 
*************** response log start ***************
request method: POST
request originalUrl:  /v1/module/rabbitmq/send
request client ip:  ::ffff:127.0.0.1
request body: 
{"queueName":"Jvan1234567890","msg":"123456","phone":"18146628322","__files":{}}
response time: 55
response status: 200
response body: 
"{\n  \"code\": 0,\n  \"message\": \"success\",\n  \"result\": \"发送成功!\"\n}"
*************** response log end ***************

[2021-04-10T22:09:48.577] [INFO] response - 
*************** response log start ***************
request method: POST
request originalUrl:  /v1/module/rabbitmq/send
request client ip:  ::ffff:127.0.0.1
request body: 
{"queueName":"Jvan1234567890","msg":"123456","phone":"18146628322","__files":{}}
response time: 62
response status: 200
response body: 
"{\n  \"code\": 0,\n  \"message\": \"success\",\n  \"result\": \"发送成功!\"\n}"
*************** response log end ***************

[2021-04-10T22:11:37.394] [INFO] response - 
*************** response log start ***************
request method: POST
request originalUrl:  /v1/module/rabbitmq/send
request client ip:  ::ffff:127.0.0.1
request body: 
{"queueName":"Jvan1234567890","msg":"123456","phone":"18146628322","__files":{}}
response time: 85
response status: 200
response body: 
"{\n  \"code\": 0,\n  \"message\": \"success\",\n  \"result\": \"发送成功!\"\n}"
*************** response log end ***************

[2021-04-10T22:13:43.452] [INFO] response - 
*************** response log start ***************
request method: POST
request originalUrl:  /v1/module/rabbitmq/send
request client ip:  ::ffff:127.0.0.1
request body: 
{"queueName":"Jvan1","msg":"123456","phone":"18146628322","__files":{}}
response time: 50
response status: 200
response body: 
"{\n  \"code\": 0,\n  \"message\": \"success\",\n  \"result\": \"发送成功!\"\n}"
*************** response log end ***************

[2021-04-10T22:13:44.729] [INFO] response - 
*************** response log start ***************
request method: POST
request originalUrl:  /v1/module/rabbitmq/send
request client ip:  ::ffff:127.0.0.1
request body: 
{"queueName":"Jvan1","msg":"123456","phone":"18146628322","__files":{}}
response time: 15
response status: 200
response body: 
"{\n  \"code\": 0,\n  \"message\": \"success\",\n  \"result\": \"发送成功!\"\n}"
*************** response log end ***************

[2021-04-10T22:13:45.694] [INFO] response - 
*************** response log start ***************
request method: POST
request originalUrl:  /v1/module/rabbitmq/send
request client ip:  ::ffff:127.0.0.1
request body: 
{"queueName":"Jvan1","msg":"123456","phone":"18146628322","__files":{}}
response time: 21
response status: 200
response body: 
"{\n  \"code\": 0,\n  \"message\": \"success\",\n  \"result\": \"发送成功!\"\n}"
*************** response log end ***************

[2021-04-10T22:13:46.531] [INFO] response - 
*************** response log start ***************
request method: POST
request originalUrl:  /v1/module/rabbitmq/send
request client ip:  ::ffff:127.0.0.1
request body: 
{"queueName":"Jvan1","msg":"123456","phone":"18146628322","__files":{}}
response time: 18
response status: 200
response body: 
"{\n  \"code\": 0,\n  \"message\": \"success\",\n  \"result\": \"发送成功!\"\n}"
*************** response log end ***************

[2021-04-10T22:13:47.260] [INFO] response - 
*************** response log start ***************
request method: POST
request originalUrl:  /v1/module/rabbitmq/send
request client ip:  ::ffff:127.0.0.1
request body: 
{"queueName":"Jvan1","msg":"123456","phone":"18146628322","__files":{}}
response time: 19
response status: 200
response body: 
"{\n  \"code\": 0,\n  \"message\": \"success\",\n  \"result\": \"发送成功!\"\n}"
*************** response log end ***************

[2021-04-10T22:13:50.890] [INFO] response - 
*************** response log start ***************
request method: POST
request originalUrl:  /v1/module/rabbitmq/send
request client ip:  ::ffff:127.0.0.1
request body: 
{"queueName":"Jvan1","msg":"123456","phone":"18146628322","__files":{}}
response time: 16
response status: 200
response body: 
"{\n  \"code\": 0,\n  \"message\": \"success\",\n  \"result\": \"发送成功!\"\n}"
*************** response log end ***************

[2021-04-10T22:13:51.667] [INFO] response - 
*************** response log start ***************
request method: POST
request originalUrl:  /v1/module/rabbitmq/send
request client ip:  ::ffff:127.0.0.1
request body: 
{"queueName":"Jvan1","msg":"123456","phone":"18146628322","__files":{}}
response time: 15
response status: 200
response body: 
"{\n  \"code\": 0,\n  \"message\": \"success\",\n  \"result\": \"发送成功!\"\n}"
*************** response log end ***************

[2021-04-10T22:13:52.326] [INFO] response - 
*************** response log start ***************
request method: POST
request originalUrl:  /v1/module/rabbitmq/send
request client ip:  ::ffff:127.0.0.1
request body: 
{"queueName":"Jvan1","msg":"123456","phone":"18146628322","__files":{}}
response time: 18
response status: 200
response body: 
"{\n  \"code\": 0,\n  \"message\": \"success\",\n  \"result\": \"发送成功!\"\n}"
*************** response log end ***************

[2021-04-10T22:13:53.013] [INFO] response - 
*************** response log start ***************
request method: POST
request originalUrl:  /v1/module/rabbitmq/send
request client ip:  ::ffff:127.0.0.1
request body: 
{"queueName":"Jvan1","msg":"123456","phone":"18146628322","__files":{}}
response time: 29
response status: 200
response body: 
"{\n  \"code\": 0,\n  \"message\": \"success\",\n  \"result\": \"发送成功!\"\n}"
*************** response log end ***************

[2021-04-10T22:14:20.892] [INFO] response - 
*************** response log start ***************
request method: POST
request originalUrl:  /v1/module/rabbitmq/send
request client ip:  ::ffff:127.0.0.1
request body: 
{"queueName":"Jvan1","msg":"123456","phone":"18146628322","__files":{}}
response time: 33
response status: 200
response body: 
"{\n  \"code\": 0,\n  \"message\": \"success\",\n  \"result\": \"发送成功!\"\n}"
*************** response log end ***************

[2021-04-10T22:14:21.228] [INFO] response - 
*************** response log start ***************
request method: POST
request originalUrl:  /v1/module/rabbitmq/send
request client ip:  ::ffff:127.0.0.1
request body: 
{"queueName":"Jvan1","msg":"123456","phone":"18146628322","__files":{}}
response time: 23
response status: 200
response body: 
"{\n  \"code\": 0,\n  \"message\": \"success\",\n  \"result\": \"发送成功!\"\n}"
*************** response log end ***************

[2021-04-10T22:14:21.604] [INFO] response - 
*************** response log start ***************
request method: POST
request originalUrl:  /v1/module/rabbitmq/send
request client ip:  ::ffff:127.0.0.1
request body: 
{"queueName":"Jvan1","msg":"123456","phone":"18146628322","__files":{}}
response time: 14
response status: 200
response body: 
"{\n  \"code\": 0,\n  \"message\": \"success\",\n  \"result\": \"发送成功!\"\n}"
*************** response log end ***************

[2021-04-10T22:14:21.958] [INFO] response - 
*************** response log start ***************
request method: POST
request originalUrl:  /v1/module/rabbitmq/send
request client ip:  ::ffff:127.0.0.1
request body: 
{"queueName":"Jvan1","msg":"123456","phone":"18146628322","__files":{}}
response time: 20
response status: 200
response body: 
"{\n  \"code\": 0,\n  \"message\": \"success\",\n  \"result\": \"发送成功!\"\n}"
*************** response log end ***************

[2021-04-10T22:14:23.707] [INFO] response - 
*************** response log start ***************
request method: POST
request originalUrl:  /v1/module/rabbitmq/send
request client ip:  ::ffff:127.0.0.1
request body: 
{"queueName":"Jvan1","msg":"123456","phone":"18146628322","__files":{}}
response time: 22
response status: 200
response body: 
"{\n  \"code\": 0,\n  \"message\": \"success\",\n  \"result\": \"发送成功!\"\n}"
*************** response log end ***************

[2021-04-10T22:14:24.128] [INFO] response - 
*************** response log start ***************
request method: POST
request originalUrl:  /v1/module/rabbitmq/send
request client ip:  ::ffff:127.0.0.1
request body: 
{"queueName":"Jvan1","msg":"123456","phone":"18146628322","__files":{}}
response time: 40
response status: 200
response body: 
"{\n  \"code\": 0,\n  \"message\": \"success\",\n  \"result\": \"发送成功!\"\n}"
*************** response log end ***************

[2021-04-10T22:14:24.590] [INFO] response - 
*************** response log start ***************
request method: POST
request originalUrl:  /v1/module/rabbitmq/send
request client ip:  ::ffff:127.0.0.1
request body: 
{"queueName":"Jvan1","msg":"123456","phone":"18146628322","__files":{}}
response time: 13
response status: 200
response body: 
"{\n  \"code\": 0,\n  \"message\": \"success\",\n  \"result\": \"发送成功!\"\n}"
*************** response log end ***************

[2021-04-10T22:14:25.099] [INFO] response - 
*************** response log start ***************
request method: POST
request originalUrl:  /v1/module/rabbitmq/send
request client ip:  ::ffff:127.0.0.1
request body: 
{"queueName":"Jvan1","msg":"123456","phone":"18146628322","__files":{}}
response time: 49
response status: 200
response body: 
"{\n  \"code\": 0,\n  \"message\": \"success\",\n  \"result\": \"发送成功!\"\n}"
*************** response log end ***************

[2021-04-10T22:14:25.566] [INFO] response - 
*************** response log start ***************
request method: POST
request originalUrl:  /v1/module/rabbitmq/send
request client ip:  ::ffff:127.0.0.1
request body: 
{"queueName":"Jvan1","msg":"123456","phone":"18146628322","__files":{}}
response time: 16
response status: 200
response body: 
"{\n  \"code\": 0,\n  \"message\": \"success\",\n  \"result\": \"发送成功!\"\n}"
*************** response log end ***************

[2021-04-10T22:14:26.087] [INFO] response - 
*************** response log start ***************
request method: POST
request originalUrl:  /v1/module/rabbitmq/send
request client ip:  ::ffff:127.0.0.1
request body: 
{"queueName":"Jvan1","msg":"123456","phone":"18146628322","__files":{}}
response time: 14
response status: 200
response body: 
"{\n  \"code\": 0,\n  \"message\": \"success\",\n  \"result\": \"发送成功!\"\n}"
*************** response log end ***************

[2021-04-10T22:14:26.538] [INFO] response - 
*************** response log start ***************
request method: POST
request originalUrl:  /v1/module/rabbitmq/send
request client ip:  ::ffff:127.0.0.1
request body: 
{"queueName":"Jvan1","msg":"123456","phone":"18146628322","__files":{}}
response time: 18
response status: 200
response body: 
"{\n  \"code\": 0,\n  \"message\": \"success\",\n  \"result\": \"发送成功!\"\n}"
*************** response log end ***************

[2021-04-10T22:14:33.544] [INFO] response - 
*************** response log start ***************
request method: POST
request originalUrl:  /v1/module/rabbitmq/send
request client ip:  ::ffff:127.0.0.1
request body: 
{"queueName":"Jvan1","msg":"123456211233123123","phone":"18146628322","__files":{}}
response time: 200
response status: 200
response body: 
"{\n  \"code\": 0,\n  \"message\": \"success\",\n  \"result\": \"发送成功!\"\n}"
*************** response log end ***************

[2021-04-10T22:15:58.702] [INFO] response - 
*************** response log start ***************
request method: POST
request originalUrl:  /v1/module/rabbitmq/send
request client ip:  ::ffff:127.0.0.1
request body: 
{"queueName":"Jvan","msg":"123456211233123123","phone":"18146628322","__files":{}}
response time: 48
response status: 200
response body: 
"{\n  \"code\": 0,\n  \"message\": \"success\",\n  \"result\": \"发送成功!\"\n}"
*************** response log end ***************

[2021-04-10T22:15:59.710] [INFO] response - 
*************** response log start ***************
request method: POST
request originalUrl:  /v1/module/rabbitmq/send
request client ip:  ::ffff:127.0.0.1
request body: 
{"queueName":"Jvan","msg":"123456211233123123","phone":"18146628322","__files":{}}
response time: 26
response status: 200
response body: 
"{\n  \"code\": 0,\n  \"message\": \"success\",\n  \"result\": \"发送成功!\"\n}"
*************** response log end ***************

[2021-04-10T22:16:00.448] [INFO] response - 
*************** response log start ***************
request method: POST
request originalUrl:  /v1/module/rabbitmq/send
request client ip:  ::ffff:127.0.0.1
request body: 
{"queueName":"Jvan","msg":"123456211233123123","phone":"18146628322","__files":{}}
response time: 29
response status: 200
response body: 
"{\n  \"code\": 0,\n  \"message\": \"success\",\n  \"result\": \"发送成功!\"\n}"
*************** response log end ***************

[2021-04-10T22:16:01.131] [INFO] response - 
*************** response log start ***************
request method: POST
request originalUrl:  /v1/module/rabbitmq/send
request client ip:  ::ffff:127.0.0.1
request body: 
{"queueName":"Jvan","msg":"123456211233123123","phone":"18146628322","__files":{}}
response time: 37
response status: 200
response body: 
"{\n  \"code\": 0,\n  \"message\": \"success\",\n  \"result\": \"发送成功!\"\n}"
*************** response log end ***************

[2021-04-10T22:16:01.518] [INFO] response - 
*************** response log start ***************
request method: POST
request originalUrl:  /v1/module/rabbitmq/send
request client ip:  ::ffff:127.0.0.1
request body: 
{"queueName":"Jvan","msg":"123456211233123123","phone":"18146628322","__files":{}}
response time: 16
response status: 200
response body: 
"{\n  \"code\": 0,\n  \"message\": \"success\",\n  \"result\": \"发送成功!\"\n}"
*************** response log end ***************

[2021-04-10T22:16:01.885] [INFO] response - 
*************** response log start ***************
request method: POST
request originalUrl:  /v1/module/rabbitmq/send
request client ip:  ::ffff:127.0.0.1
request body: 
{"queueName":"Jvan","msg":"123456211233123123","phone":"18146628322","__files":{}}
response time: 27
response status: 200
response body: 
"{\n  \"code\": 0,\n  \"message\": \"success\",\n  \"result\": \"发送成功!\"\n}"
*************** response log end ***************

[2021-04-10T22:16:02.453] [INFO] response - 
*************** response log start ***************
request method: POST
request originalUrl:  /v1/module/rabbitmq/send
request client ip:  ::ffff:127.0.0.1
request body: 
{"queueName":"Jvan","msg":"123456211233123123","phone":"18146628322","__files":{}}
response time: 17
response status: 200
response body: 
"{\n  \"code\": 0,\n  \"message\": \"success\",\n  \"result\": \"发送成功!\"\n}"
*************** response log end ***************

[2021-04-10T22:16:04.443] [INFO] response - 
*************** response log start ***************
request method: POST
request originalUrl:  /v1/module/rabbitmq/send
request client ip:  ::ffff:127.0.0.1
request body: 
{"queueName":"Jvan","msg":"123456211233123123","phone":"18146628322","__files":{}}
response time: 18
response status: 200
response body: 
"{\n  \"code\": 0,\n  \"message\": \"success\",\n  \"result\": \"发送成功!\"\n}"
*************** response log end ***************

[2021-04-10T22:16:09.428] [INFO] response - 
*************** response log start ***************
request method: POST
request originalUrl:  /v1/module/rabbitmq/send
request client ip:  ::ffff:127.0.0.1
request body: 
{"queueName":"Jvan","msg":"12345621123312312312","phone":"18146628322","__files":{}}
response time: 15
response status: 200
response body: 
"{\n  \"code\": 0,\n  \"message\": \"success\",\n  \"result\": \"发送成功!\"\n}"
*************** response log end ***************

