[2021-04-11T00:06:24.943] [INFO] response - 
*************** response log start ***************
request method: POST
request originalUrl:  /v1/module/socket/send
request client ip:  ::ffff:127.0.0.1
request body: 
{"queueName":"Jvan","msg":"12345621123312312312","phone":"18146628322","__files":{}}
response time: 32
response status: 200
response body: 
"{\n  \"code\": 0,\n  \"message\": \"success\",\n  \"result\": \"222\"\n}"
*************** response log end ***************

[2021-04-11T00:06:39.456] [INFO] response - 
*************** response log start ***************
request method: POST
request originalUrl:  /v1/module/socket/send
request client ip:  ::ffff:127.0.0.1
request body: 
{"queueName":"Jvan","msg":"12345621123312312312","phone":"18146628322","__files":{}}
response time: 20
response status: 200
response body: 
"{\n  \"code\": 0,\n  \"message\": \"success\",\n  \"result\": \"222\"\n}"
*************** response log end ***************

[2021-04-11T00:07:26.109] [INFO] response - 
*************** response log start ***************
request method: POST
request originalUrl:  /v1/module/socket/send
request client ip:  ::ffff:127.0.0.1
request body: 
{"queueName":"Jvan","msg":"12345621123312312312","phone":"18146628322","__files":{}}
response time: 23
response status: 200
response body: 
"{\n  \"code\": 0,\n  \"message\": \"success\",\n  \"result\": \"222\"\n}"
*************** response log end ***************

[2021-04-11T00:07:27.593] [INFO] response - 
*************** response log start ***************
request method: POST
request originalUrl:  /v1/module/socket/send
request client ip:  ::ffff:127.0.0.1
request body: 
{"queueName":"Jvan","msg":"12345621123312312312","phone":"18146628322","__files":{}}
response time: 4
response status: 200
response body: 
"{\n  \"code\": 0,\n  \"message\": \"success\",\n  \"result\": \"222\"\n}"
*************** response log end ***************

[2021-04-11T00:07:52.724] [INFO] response - 
*************** response log start ***************
request method: POST
request originalUrl:  /v1/module/socket/send
request client ip:  ::ffff:127.0.0.1
request body: 
{"queueName":"Jvan","msg":"12345621123312312312","phone":"18146628322","__files":{}}
response time: 11
response status: 200
response body: 
"{\n  \"code\": 0,\n  \"message\": \"success\",\n  \"result\": \"222\"\n}"
*************** response log end ***************

[2021-04-11T00:07:53.496] [INFO] response - 
*************** response log start ***************
request method: POST
request originalUrl:  /v1/module/socket/send
request client ip:  ::ffff:127.0.0.1
request body: 
{"queueName":"Jvan","msg":"12345621123312312312","phone":"18146628322","__files":{}}
response time: 1
response status: 200
response body: 
"{\n  \"code\": 0,\n  \"message\": \"success\",\n  \"result\": \"222\"\n}"
*************** response log end ***************

[2021-04-11T00:07:54.724] [INFO] response - 
*************** response log start ***************
request method: POST
request originalUrl:  /v1/module/socket/send
request client ip:  ::ffff:127.0.0.1
request body: 
{"queueName":"Jvan","msg":"12345621123312312312","phone":"18146628322","__files":{}}
response time: 6
response status: 200
response body: 
"{\n  \"code\": 0,\n  \"message\": \"success\",\n  \"result\": \"222\"\n}"
*************** response log end ***************

[2021-04-11T00:08:16.111] [INFO] response - 
*************** response log start ***************
request method: POST
request originalUrl:  /v1/module/socket/send
request client ip:  ::ffff:127.0.0.1
request body: 
{"queueName":"Jvan","msg":"12345621123312312312","phone":"18146628322","__files":{}}
response time: 35
response status: 200
response body: 
"{\n  \"code\": 0,\n  \"message\": \"success\",\n  \"result\": \"222\"\n}"
*************** response log end ***************

[2021-04-11T00:08:17.086] [INFO] response - 
*************** response log start ***************
request method: POST
request originalUrl:  /v1/module/socket/send
request client ip:  ::ffff:127.0.0.1
request body: 
{"queueName":"Jvan","msg":"12345621123312312312","phone":"18146628322","__files":{}}
response time: 1
response status: 200
response body: 
"{\n  \"code\": 0,\n  \"message\": \"success\",\n  \"result\": \"222\"\n}"
*************** response log end ***************

[2021-04-11T00:13:17.047] [INFO] response - 
*************** response log start ***************
request method: POST
request originalUrl:  /v1/module/socket/send
request client ip:  ::ffff:127.0.0.1
request body: 
{"queueName":"Jvan","msg":"12345621123312312312","phone":"18146628322","__files":{}}
response time: 24
response status: 200
response body: 
"{\n  \"code\": 0,\n  \"message\": \"success\",\n  \"result\": \"222\"\n}"
*************** response log end ***************

[2021-04-11T00:13:17.916] [INFO] response - 
*************** response log start ***************
request method: POST
request originalUrl:  /v1/module/socket/send
request client ip:  ::ffff:127.0.0.1
request body: 
{"queueName":"Jvan","msg":"12345621123312312312","phone":"18146628322","__files":{}}
response time: 1
response status: 200
response body: 
"{\n  \"code\": 0,\n  \"message\": \"success\",\n  \"result\": \"222\"\n}"
*************** response log end ***************

[2021-04-11T00:13:18.893] [INFO] response - 
*************** response log start ***************
request method: POST
request originalUrl:  /v1/module/socket/send
request client ip:  ::ffff:127.0.0.1
request body: 
{"queueName":"Jvan","msg":"12345621123312312312","phone":"18146628322","__files":{}}
response time: 0
response status: 200
response body: 
"{\n  \"code\": 0,\n  \"message\": \"success\",\n  \"result\": \"222\"\n}"
*************** response log end ***************

[2021-04-11T00:15:56.967] [INFO] response - 
*************** response log start ***************
request method: POST
request originalUrl:  /v1/module/socket/send
request client ip:  ::ffff:127.0.0.1
request body: 
{"queueName":"Jvan","msg":"12345621123312312312","phone":"18146628322","__files":{}}
response time: 91
response status: 200
response body: 
"{\n  \"code\": 0,\n  \"message\": \"success\",\n  \"result\": \"222\"\n}"
*************** response log end ***************

[2021-04-11T00:15:57.434] [INFO] response - 
*************** response log start ***************
request method: POST
request originalUrl:  /v1/module/socket/send
request client ip:  ::ffff:127.0.0.1
request body: 
{"queueName":"Jvan","msg":"12345621123312312312","phone":"18146628322","__files":{}}
response time: 6
response status: 200
response body: 
"{\n  \"code\": 0,\n  \"message\": \"success\",\n  \"result\": \"222\"\n}"
*************** response log end ***************

[2021-04-11T00:15:57.827] [INFO] response - 
*************** response log start ***************
request method: POST
request originalUrl:  /v1/module/socket/send
request client ip:  ::ffff:127.0.0.1
request body: 
{"queueName":"Jvan","msg":"12345621123312312312","phone":"18146628322","__files":{}}
response time: 0
response status: 200
response body: 
"{\n  \"code\": 0,\n  \"message\": \"success\",\n  \"result\": \"222\"\n}"
*************** response log end ***************

[2021-04-11T00:15:58.162] [INFO] response - 
*************** response log start ***************
request method: POST
request originalUrl:  /v1/module/socket/send
request client ip:  ::ffff:127.0.0.1
request body: 
{"queueName":"Jvan","msg":"12345621123312312312","phone":"18146628322","__files":{}}
response time: 1
response status: 200
response body: 
"{\n  \"code\": 0,\n  \"message\": \"success\",\n  \"result\": \"222\"\n}"
*************** response log end ***************

[2021-04-11T00:15:58.447] [INFO] response - 
*************** response log start ***************
request method: POST
request originalUrl:  /v1/module/socket/send
request client ip:  ::ffff:127.0.0.1
request body: 
{"queueName":"Jvan","msg":"12345621123312312312","phone":"18146628322","__files":{}}
response time: 1
response status: 200
response body: 
"{\n  \"code\": 0,\n  \"message\": \"success\",\n  \"result\": \"222\"\n}"
*************** response log end ***************

[2021-04-11T00:15:59.544] [INFO] response - 
*************** response log start ***************
request method: POST
request originalUrl:  /v1/module/socket/send
request client ip:  ::ffff:127.0.0.1
request body: 
{"queueName":"Jvan","msg":"12345621123312312312","phone":"18146628322","__files":{}}
response time: 3
response status: 200
response body: 
"{\n  \"code\": 0,\n  \"message\": \"success\",\n  \"result\": \"222\"\n}"
*************** response log end ***************

[2021-04-11T00:16:38.676] [INFO] response - 
*************** response log start ***************
request method: POST
request originalUrl:  /v1/module/socket/send
request client ip:  ::ffff:127.0.0.1
request body: 
{"queueName":"Jvan","msg":"12345621123312312312","phone":"18146628322","__files":{}}
response time: 20
response status: 200
response body: 
"{\n  \"code\": 0,\n  \"message\": \"success\",\n  \"result\": \"222\"\n}"
*************** response log end ***************

[2021-04-11T00:16:39.556] [INFO] response - 
*************** response log start ***************
request method: POST
request originalUrl:  /v1/module/socket/send
request client ip:  ::ffff:127.0.0.1
request body: 
{"queueName":"Jvan","msg":"12345621123312312312","phone":"18146628322","__files":{}}
response time: 9
response status: 200
response body: 
"{\n  \"code\": 0,\n  \"message\": \"success\",\n  \"result\": \"222\"\n}"
*************** response log end ***************

[2021-04-11T00:19:37.667] [INFO] response - 
*************** response log start ***************
request method: POST
request originalUrl:  /v1/module/socket/send
request client ip:  ::ffff:127.0.0.1
request body: 
{"queueName":"Jvan","msg":"12345621123312312312","phone":"18146628322","__files":{}}
response time: 25
response status: 200
response body: 
"{\n  \"code\": 0,\n  \"message\": \"success\",\n  \"result\": \"222\"\n}"
*************** response log end ***************

[2021-04-11T00:19:38.800] [INFO] response - 
*************** response log start ***************
request method: POST
request originalUrl:  /v1/module/socket/send
request client ip:  ::ffff:127.0.0.1
request body: 
{"queueName":"Jvan","msg":"12345621123312312312","phone":"18146628322","__files":{}}
response time: 1
response status: 200
response body: 
"{\n  \"code\": 0,\n  \"message\": \"success\",\n  \"result\": \"222\"\n}"
*************** response log end ***************

[2021-04-11T00:19:57.450] [INFO] response - 
*************** response log start ***************
request method: POST
request originalUrl:  /v1/module/socket/send
request client ip:  ::ffff:127.0.0.1
request body: 
{"queueName":"Jvan","msg":"12345621123312312312","phone":"18146628322","__files":{}}
response time: 26
response status: 200
response body: 
"{\n  \"code\": 0,\n  \"message\": \"success\",\n  \"result\": \"222\"\n}"
*************** response log end ***************

[2021-04-11T00:20:06.602] [INFO] response - 
*************** response log start ***************
request method: POST
request originalUrl:  /v1/module/socket/send
request client ip:  ::ffff:127.0.0.1
request body: 
{"queueName":"Jvan","msg":"12345621123312312312","phone":"18146628322","__files":{}}
response time: 17
response status: 200
response body: 
"{\n  \"code\": 0,\n  \"message\": \"success\",\n  \"result\": \"222\"\n}"
*************** response log end ***************

[2021-04-11T00:20:07.485] [INFO] response - 
*************** response log start ***************
request method: POST
request originalUrl:  /v1/module/socket/send
request client ip:  ::ffff:127.0.0.1
request body: 
{"queueName":"Jvan","msg":"12345621123312312312","phone":"18146628322","__files":{}}
response time: 2
response status: 200
response body: 
"{\n  \"code\": 0,\n  \"message\": \"success\",\n  \"result\": \"222\"\n}"
*************** response log end ***************

[2021-04-11T00:20:22.493] [INFO] response - 
*************** response log start ***************
request method: POST
request originalUrl:  /v1/module/socket/send
request client ip:  ::ffff:127.0.0.1
request body: 
{"queueName":"Jvan","msg":"12345621123312312312","phone":"18146628322","__files":{}}
response time: 80
response status: 200
response body: 
"{\n  \"code\": 0,\n  \"message\": \"success\",\n  \"result\": \"222\"\n}"
*************** response log end ***************

[2021-04-11T00:21:16.793] [INFO] response - 
*************** response log start ***************
request method: POST
request originalUrl:  /v1/module/socket/send
request client ip:  ::ffff:127.0.0.1
request body: 
{"queueName":"Jvan","msg":"12345621123312312312","phone":"18146628322","__files":{}}
response time: 24
response status: 200
response body: 
"{\n  \"code\": 0,\n  \"message\": \"success\",\n  \"result\": \"222\"\n}"
*************** response log end ***************

[2021-04-11T00:21:27.028] [INFO] response - 
*************** response log start ***************
request method: POST
request originalUrl:  /v1/module/socket/send
request client ip:  ::ffff:127.0.0.1
request body: 
{"queueName":"Jvan","msg":"12345621123312312312","phone":"18146628322","__files":{}}
response time: 19
response status: 200
response body: 
"{\n  \"code\": 0,\n  \"message\": \"success\",\n  \"result\": \"222\"\n}"
*************** response log end ***************

[2021-04-11T00:21:28.174] [INFO] response - 
*************** response log start ***************
request method: POST
request originalUrl:  /v1/module/socket/send
request client ip:  ::ffff:127.0.0.1
request body: 
{"queueName":"Jvan","msg":"12345621123312312312","phone":"18146628322","__files":{}}
response time: 2
response status: 200
response body: 
"{\n  \"code\": 0,\n  \"message\": \"success\",\n  \"result\": \"222\"\n}"
*************** response log end ***************

[2021-04-11T00:21:34.616] [INFO] response - 
*************** response log start ***************
request method: POST
request originalUrl:  /v1/module/socket/send
request client ip:  ::ffff:127.0.0.1
request body: 
{"queueName":"Jvan","msg":"12345621123312312312","phone":"18146628322","__files":{}}
response time: 23
response status: 200
response body: 
"{\n  \"code\": 0,\n  \"message\": \"success\",\n  \"result\": \"222\"\n}"
*************** response log end ***************

[2021-04-11T00:21:43.577] [INFO] response - 
*************** response log start ***************
request method: POST
request originalUrl:  /v1/module/socket/send
request client ip:  ::ffff:127.0.0.1
request body: 
{"queueName":"Jvan","msg":"12345621123312312312","phone":"18146628322","__files":{}}
response time: 100
response status: 200
response body: 
"{\n  \"code\": 0,\n  \"message\": \"success\",\n  \"result\": \"222\"\n}"
*************** response log end ***************

[2021-04-11T00:21:48.889] [INFO] response - 
*************** response log start ***************
request method: POST
request originalUrl:  /v1/module/socket/send
request client ip:  ::ffff:127.0.0.1
request body: 
{"queueName":"Jvan","msg":"12345621123312312312","phone":"18146628322","__files":{}}
response time: 55
response status: 200
response body: 
"{\n  \"code\": 0,\n  \"message\": \"success\",\n  \"result\": \"222\"\n}"
*************** response log end ***************

[2021-04-11T00:26:53.570] [INFO] response - 
*************** response log start ***************
request method: POST
request originalUrl:  /v1/module/socket/send
request client ip:  ::ffff:127.0.0.1
request body: 
{"queueName":"Jvan","msg":"12345621123312312312","phone":"18146628322","__files":{}}
response time: 29
response status: 200
response body: 
"{\n  \"code\": 0,\n  \"message\": \"success\",\n  \"result\": \"222\"\n}"
*************** response log end ***************

[2021-04-11T00:27:15.487] [INFO] response - 
*************** response log start ***************
request method: POST
request originalUrl:  /v1/module/socket/send
request client ip:  ::ffff:127.0.0.1
request body: 
{"queueName":"Jvan","msg":"12345621123312312312","phone":"18146628322","__files":{}}
response time: 35
response status: 200
response body: 
"{\n  \"code\": 0,\n  \"message\": \"success\",\n  \"result\": \"222\"\n}"
*************** response log end ***************

[2021-04-11T00:28:01.374] [INFO] response - 
*************** response log start ***************
request method: POST
request originalUrl:  /v1/module/socket/send
request client ip:  ::ffff:127.0.0.1
request body: 
{"queueName":"Jvan","msg":"12345621123312312312","phone":"18146628322","__files":{}}
response time: 71
response status: 200
response body: 
"{\n  \"code\": 0,\n  \"message\": \"success\",\n  \"result\": \"222\"\n}"
*************** response log end ***************

[2021-04-11T00:41:26.093] [INFO] response - 
*************** response log start ***************
request method: POST
request originalUrl:  /v1/module/socket/send
request client ip:  ::ffff:127.0.0.1
request body: 
{"queueName":"Jvan","msg":"12345621123312312312","phone":"18146628322","__files":{}}
response time: 26
response status: 200
response body: 
"{\n  \"code\": 0,\n  \"message\": \"success\",\n  \"result\": \"222\"\n}"
*************** response log end ***************

[2021-04-11T00:48:16.237] [INFO] response - 
*************** response log start ***************
request method: POST
request originalUrl:  /v1/module/socket/send
request client ip:  ::ffff:127.0.0.1
request body: 
{"queueName":"Jvan","msg":"12345621123312312312","phone":"18146628322","__files":{}}
response time: 23
response status: 200
response body: 
"{\n  \"code\": 0,\n  \"message\": \"success\",\n  \"result\": \"222\"\n}"
*************** response log end ***************

[2021-04-11T00:51:05.384] [INFO] response - 
*************** response log start ***************
request method: POST
request originalUrl:  /v1/module/socket/send
request client ip:  ::ffff:127.0.0.1
request body: 
{"queueName":"Jvan","msg":"12345621123312312312","phone":"18146628322","__files":{}}
response time: 39
response status: 200
response body: 
"{\n  \"code\": 0,\n  \"message\": \"success\",\n  \"result\": \"222\"\n}"
*************** response log end ***************

[2021-04-11T00:53:41.907] [INFO] response - 
*************** response log start ***************
request method: POST
request originalUrl:  /v1/module/socket/send
request client ip:  ::ffff:127.0.0.1
request body: 
{"queueName":"Jvan","msg":"12345621123312312312","phone":"18146628322","__files":{}}
response time: 23
response status: 200
response body: 
"{\n  \"code\": 0,\n  \"message\": \"success\",\n  \"result\": \"222\"\n}"
*************** response log end ***************

[2021-04-11T00:53:54.860] [INFO] response - 
*************** response log start ***************
request method: POST
request originalUrl:  /v1/module/socket/send
request client ip:  ::ffff:127.0.0.1
request body: 
{"queueName":"Jvan","msg":"12345621123312312312","phone":"18146628322","__files":{}}
response time: 6
response status: 200
response body: 
"{\n  \"code\": 0,\n  \"message\": \"success\",\n  \"result\": \"222\"\n}"
*************** response log end ***************

[2021-04-11T00:53:55.597] [INFO] response - 
*************** response log start ***************
request method: POST
request originalUrl:  /v1/module/socket/send
request client ip:  ::ffff:127.0.0.1
request body: 
{"queueName":"Jvan","msg":"12345621123312312312","phone":"18146628322","__files":{}}
response time: 1
response status: 200
response body: 
"{\n  \"code\": 0,\n  \"message\": \"success\",\n  \"result\": \"222\"\n}"
*************** response log end ***************

[2021-04-11T00:53:55.964] [INFO] response - 
*************** response log start ***************
request method: POST
request originalUrl:  /v1/module/socket/send
request client ip:  ::ffff:127.0.0.1
request body: 
{"queueName":"Jvan","msg":"12345621123312312312","phone":"18146628322","__files":{}}
response time: 1
response status: 200
response body: 
"{\n  \"code\": 0,\n  \"message\": \"success\",\n  \"result\": \"222\"\n}"
*************** response log end ***************

[2021-04-11T00:53:56.466] [INFO] response - 
*************** response log start ***************
request method: POST
request originalUrl:  /v1/module/socket/send
request client ip:  ::ffff:127.0.0.1
request body: 
{"queueName":"Jvan","msg":"12345621123312312312","phone":"18146628322","__files":{}}
response time: 1
response status: 200
response body: 
"{\n  \"code\": 0,\n  \"message\": \"success\",\n  \"result\": \"222\"\n}"
*************** response log end ***************

[2021-04-11T00:53:57.021] [INFO] response - 
*************** response log start ***************
request method: POST
request originalUrl:  /v1/module/socket/send
request client ip:  ::ffff:127.0.0.1
request body: 
{"queueName":"Jvan","msg":"12345621123312312312","phone":"18146628322","__files":{}}
response time: 1
response status: 200
response body: 
"{\n  \"code\": 0,\n  \"message\": \"success\",\n  \"result\": \"222\"\n}"
*************** response log end ***************

