[2021-04-10T21:01:08.323] [INFO] response - 
*************** response log start ***************
request method: POST
request originalUrl:  /v1/module/rabbitmq/send
request client ip:  ::ffff:127.0.0.1
request body: 
{"name":"Jvan","password":"123456","phone":"18146628322"}
response time: 34
response status: 200
response body: 
"{\n  \"code\": 0,\n  \"message\": \"success\",\n  \"result\": \"创建成功！\"\n}"
*************** response log end ***************

[2021-04-10T21:02:27.974] [INFO] response - 
*************** response log start ***************
request method: POST
request originalUrl:  /v1/module/rabbitmq/send
request client ip:  ::ffff:127.0.0.1
request body: 
{"name":"Jvan","password":"123456","phone":"18146628322"}
response time: 85
response status: 200
response body: 
"{\n  \"code\": 0,\n  \"message\": \"success\",\n  \"result\": \"创建成功！\"\n}"
*************** response log end ***************

[2021-04-10T21:03:40.099] [INFO] response - 
*************** response log start ***************
request method: POST
request originalUrl:  /v1/module/rabbitmq/send
request client ip:  ::ffff:127.0.0.1
request body: 
{"name":"Jvan","password":"123456","phone":"18146628322"}
response time: 47
response status: 200
response body: 
"{\n  \"code\": 0,\n  \"message\": \"success\",\n  \"result\": \"创建成功！\"\n}"
*************** response log end ***************

[2021-04-10T21:03:41.153] [INFO] response - 
*************** response log start ***************
request method: POST
request originalUrl:  /v1/module/rabbitmq/send
request client ip:  ::ffff:127.0.0.1
request body: 
{"name":"Jvan","password":"123456","phone":"18146628322"}
response time: 33
response status: 200
response body: 
"{\n  \"code\": 0,\n  \"message\": \"success\",\n  \"result\": \"创建成功！\"\n}"
*************** response log end ***************

[2021-04-10T21:03:52.044] [INFO] response - 
*************** response log start ***************
request method: POST
request originalUrl:  /v1/module/rabbitmq/send
request client ip:  ::ffff:127.0.0.1
request body: 
{"name":"Jvan","password":"123456","phone":"18146628322"}
response time: 31
response status: 200
response body: 
"{\n  \"code\": 0,\n  \"message\": \"success\",\n  \"result\": \"创建成功！\"\n}"
*************** response log end ***************

[2021-04-10T21:03:52.950] [INFO] response - 
*************** response log start ***************
request method: POST
request originalUrl:  /v1/module/rabbitmq/send
request client ip:  ::ffff:127.0.0.1
request body: 
{"name":"Jvan","password":"123456","phone":"18146628322"}
response time: 10
response status: 200
response body: 
"{\n  \"code\": 0,\n  \"message\": \"success\",\n  \"result\": \"创建成功！\"\n}"
*************** response log end ***************

[2021-04-10T21:04:43.175] [INFO] response - 
*************** response log start ***************
request method: POST
request originalUrl:  /v1/module/rabbitmq/send
request client ip:  ::ffff:127.0.0.1
request body: 
{"name":"Jvan","password":"123456","phone":"18146628322"}
response time: 51
response status: 200
response body: 
"{\n  \"code\": 0,\n  \"message\": \"success\",\n  \"result\": \"创建成功！\"\n}"
*************** response log end ***************

[2021-04-10T21:04:44.024] [INFO] response - 
*************** response log start ***************
request method: POST
request originalUrl:  /v1/module/rabbitmq/send
request client ip:  ::ffff:127.0.0.1
request body: 
{"name":"Jvan","password":"123456","phone":"18146628322"}
response time: 28
response status: 200
response body: 
"{\n  \"code\": 0,\n  \"message\": \"success\",\n  \"result\": \"创建成功！\"\n}"
*************** response log end ***************

[2021-04-10T21:06:26.706] [INFO] response - 
*************** response log start ***************
request method: POST
request originalUrl:  /v1/module/rabbitmq/send
request client ip:  ::ffff:127.0.0.1
request body: 
{"name":"Jvan","password":"123456","phone":"18146628322"}
response time: 45
response status: 200
response body: 
"{\n  \"code\": 0,\n  \"message\": \"success\",\n  \"result\": \"创建成功！\"\n}"
*************** response log end ***************

[2021-04-10T21:06:46.891] [INFO] response - 
*************** response log start ***************
request method: POST
request originalUrl:  /v1/module/rabbitmq/send
request client ip:  ::ffff:127.0.0.1
request body: 
{"name":"Jvan","password":"123456","phone":"18146628322"}
response time: 60
response status: 200
response body: 
"{\n  \"code\": 0,\n  \"message\": \"success\",\n  \"result\": \"创建成功！\"\n}"
*************** response log end ***************

[2021-04-10T21:11:16.963] [INFO] response - 
*************** response log start ***************
request method: POST
request originalUrl:  /v1/module/rabbitmq/send
request client ip:  ::ffff:127.0.0.1
request body: 
{"name":"Jvan","password":"123456","phone":"18146628322"}
response time: 39
response status: 200
response body: 
"{\n  \"code\": 0,\n  \"message\": \"success\",\n  \"result\": \"创建成功！\"\n}"
*************** response log end ***************

[2021-04-10T21:11:29.467] [INFO] response - 
*************** response log start ***************
request method: POST
request originalUrl:  /v1/module/rabbitmq/send
request client ip:  ::ffff:127.0.0.1
request body: 
{"name":"Jvan","password":"123456","phone":"18146628322"}
response time: 39
response status: 200
response body: 
"{\n  \"code\": 0,\n  \"message\": \"success\",\n  \"result\": \"创建成功！\"\n}"
*************** response log end ***************

[2021-04-10T21:12:07.162] [INFO] response - 
*************** response log start ***************
request method: POST
request originalUrl:  /v1/module/rabbitmq/send
request client ip:  ::ffff:127.0.0.1
request body: 
{"name":"Jvan","password":"123456","phone":"18146628322"}
response time: 36
response status: 200
response body: 
"{\n  \"code\": 0,\n  \"message\": \"success\",\n  \"result\": \"创建成功！\"\n}"
*************** response log end ***************

[2021-04-10T21:12:20.345] [INFO] response - 
*************** response log start ***************
request method: POST
request originalUrl:  /v1/module/rabbitmq/send
request client ip:  ::ffff:127.0.0.1
request body: 
{"name":"Jvan","password":"123456","phone":"18146628322"}
response time: 24
response status: 200
response body: 
"{\n  \"code\": 0,\n  \"message\": \"success\",\n  \"result\": \"创建成功！\"\n}"
*************** response log end ***************

[2021-04-10T21:12:21.033] [INFO] response - 
*************** response log start ***************
request method: POST
request originalUrl:  /v1/module/rabbitmq/send
request client ip:  ::ffff:127.0.0.1
request body: 
{"name":"Jvan","password":"123456","phone":"18146628322"}
response time: 11
response status: 200
response body: 
"{\n  \"code\": 0,\n  \"message\": \"success\",\n  \"result\": \"创建成功！\"\n}"
*************** response log end ***************

[2021-04-10T21:12:21.646] [INFO] response - 
*************** response log start ***************
request method: POST
request originalUrl:  /v1/module/rabbitmq/send
request client ip:  ::ffff:127.0.0.1
request body: 
{"name":"Jvan","password":"123456","phone":"18146628322"}
response time: 16
response status: 200
response body: 
"{\n  \"code\": 0,\n  \"message\": \"success\",\n  \"result\": \"创建成功！\"\n}"
*************** response log end ***************

[2021-04-10T21:12:22.291] [INFO] response - 
*************** response log start ***************
request method: POST
request originalUrl:  /v1/module/rabbitmq/send
request client ip:  ::ffff:127.0.0.1
request body: 
{"name":"Jvan","password":"123456","phone":"18146628322"}
response time: 39
response status: 200
response body: 
"{\n  \"code\": 0,\n  \"message\": \"success\",\n  \"result\": \"创建成功！\"\n}"
*************** response log end ***************

[2021-04-10T21:12:22.788] [INFO] response - 
*************** response log start ***************
request method: POST
request originalUrl:  /v1/module/rabbitmq/send
request client ip:  ::ffff:127.0.0.1
request body: 
{"name":"Jvan","password":"123456","phone":"18146628322"}
response time: 10
response status: 200
response body: 
"{\n  \"code\": 0,\n  \"message\": \"success\",\n  \"result\": \"创建成功！\"\n}"
*************** response log end ***************

[2021-04-10T21:12:23.312] [INFO] response - 
*************** response log start ***************
request method: POST
request originalUrl:  /v1/module/rabbitmq/send
request client ip:  ::ffff:127.0.0.1
request body: 
{"name":"Jvan","password":"123456","phone":"18146628322"}
response time: 17
response status: 200
response body: 
"{\n  \"code\": 0,\n  \"message\": \"success\",\n  \"result\": \"创建成功！\"\n}"
*************** response log end ***************

[2021-04-10T21:12:33.449] [INFO] response - 
*************** response log start ***************
request method: POST
request originalUrl:  /v1/module/rabbitmq/send
request client ip:  ::ffff:127.0.0.1
request body: 
{"name":"Jvan","password":"123456","phone":"18146628322"}
response time: 8
response status: 200
response body: 
"{\n  \"code\": 0,\n  \"message\": \"success\",\n  \"result\": \"创建成功！\"\n}"
*************** response log end ***************

[2021-04-10T21:16:43.726] [INFO] response - 
*************** response log start ***************
request method: POST
request originalUrl:  /v1/module/rabbitmq/send
request client ip:  ::ffff:127.0.0.1
request body: 
{"name":"Jvan","password":"123456","phone":"18146628322"}
response time: 97
response status: 200
response body: 
"{\n  \"code\": 0,\n  \"message\": \"success\",\n  \"result\": \"创建成功！\"\n}"
*************** response log end ***************

[2021-04-10T21:16:48.111] [INFO] response - 
*************** response log start ***************
request method: POST
request originalUrl:  /v1/module/rabbitmq/send
request client ip:  ::ffff:127.0.0.1
request body: 
{"name":"Jvan","password":"123456","phone":"18146628322"}
response time: 68
response status: 200
response body: 
"{\n  \"code\": 0,\n  \"message\": \"success\",\n  \"result\": \"创建成功！\"\n}"
*************** response log end ***************

[2021-04-10T21:17:01.706] [INFO] response - 
*************** response log start ***************
request method: POST
request originalUrl:  /v1/module/rabbitmq/send
request client ip:  ::ffff:127.0.0.1
request body: 
{"name":"Jvan","password":"123456","phone":"18146628322"}
response time: 87
response status: 200
response body: 
"{\n  \"code\": 0,\n  \"message\": \"success\",\n  \"result\": \"创建成功！\"\n}"
*************** response log end ***************

[2021-04-10T21:17:03.104] [INFO] response - 
*************** response log start ***************
request method: POST
request originalUrl:  /v1/module/rabbitmq/send
request client ip:  ::ffff:127.0.0.1
request body: 
{"name":"Jvan","password":"123456","phone":"18146628322"}
response time: 60
response status: 200
response body: 
"{\n  \"code\": 0,\n  \"message\": \"success\",\n  \"result\": \"创建成功！\"\n}"
*************** response log end ***************

[2021-04-10T21:17:23.423] [INFO] response - 
*************** response log start ***************
request method: POST
request originalUrl:  /v1/module/rabbitmq/send
request client ip:  ::ffff:127.0.0.1
request body: 
{"name":"Jvan","password":"123456","phone":"18146628322"}
response time: 115
response status: 200
response body: 
"{\n  \"code\": 0,\n  \"message\": \"success\",\n  \"result\": \"创建成功！\"\n}"
*************** response log end ***************

[2021-04-10T21:17:24.883] [INFO] response - 
*************** response log start ***************
request method: POST
request originalUrl:  /v1/module/rabbitmq/send
request client ip:  ::ffff:127.0.0.1
request body: 
{"name":"Jvan","password":"123456","phone":"18146628322"}
response time: 78
response status: 200
response body: 
"{\n  \"code\": 0,\n  \"message\": \"success\",\n  \"result\": \"创建成功！\"\n}"
*************** response log end ***************

[2021-04-10T21:17:39.992] [INFO] response - 
*************** response log start ***************
request method: POST
request originalUrl:  /v1/module/rabbitmq/send
request client ip:  ::ffff:127.0.0.1
request body: 
{"name":"Jvan","password":"123456","phone":"18146628322"}
response time: 80
response status: 200
response body: 
"{\n  \"code\": 0,\n  \"message\": \"success\",\n  \"result\": \"发送成功!\"\n}"
*************** response log end ***************

[2021-04-10T21:17:41.555] [INFO] response - 
*************** response log start ***************
request method: POST
request originalUrl:  /v1/module/rabbitmq/send
request client ip:  ::ffff:127.0.0.1
request body: 
{"name":"Jvan","password":"123456","phone":"18146628322"}
response time: 62
response status: 200
response body: 
"{\n  \"code\": 0,\n  \"message\": \"success\",\n  \"result\": \"发送成功!\"\n}"
*************** response log end ***************

[2021-04-10T21:17:42.979] [INFO] response - 
*************** response log start ***************
request method: POST
request originalUrl:  /v1/module/rabbitmq/send
request client ip:  ::ffff:127.0.0.1
request body: 
{"name":"Jvan","password":"123456","phone":"18146628322"}
response time: 56
response status: 200
response body: 
"{\n  \"code\": 0,\n  \"message\": \"success\",\n  \"result\": \"发送成功!\"\n}"
*************** response log end ***************

[2021-04-10T21:17:44.024] [INFO] response - 
*************** response log start ***************
request method: POST
request originalUrl:  /v1/module/rabbitmq/send
request client ip:  ::ffff:127.0.0.1
request body: 
{"name":"Jvan","password":"123456","phone":"18146628322"}
response time: 64
response status: 200
response body: 
"{\n  \"code\": 0,\n  \"message\": \"success\",\n  \"result\": \"发送成功!\"\n}"
*************** response log end ***************

[2021-04-10T21:17:45.192] [INFO] response - 
*************** response log start ***************
request method: POST
request originalUrl:  /v1/module/rabbitmq/send
request client ip:  ::ffff:127.0.0.1
request body: 
{"name":"Jvan","password":"123456","phone":"18146628322"}
response time: 51
response status: 200
response body: 
"{\n  \"code\": 0,\n  \"message\": \"success\",\n  \"result\": \"发送成功!\"\n}"
*************** response log end ***************

[2021-04-10T21:17:46.030] [INFO] response - 
*************** response log start ***************
request method: POST
request originalUrl:  /v1/module/rabbitmq/send
request client ip:  ::ffff:127.0.0.1
request body: 
{"name":"Jvan","password":"123456","phone":"18146628322"}
response time: 74
response status: 200
response body: 
"{\n  \"code\": 0,\n  \"message\": \"success\",\n  \"result\": \"发送成功!\"\n}"
*************** response log end ***************

[2021-04-10T21:17:46.752] [INFO] response - 
*************** response log start ***************
request method: POST
request originalUrl:  /v1/module/rabbitmq/send
request client ip:  ::ffff:127.0.0.1
request body: 
{"name":"Jvan","password":"123456","phone":"18146628322"}
response time: 56
response status: 200
response body: 
"{\n  \"code\": 0,\n  \"message\": \"success\",\n  \"result\": \"发送成功!\"\n}"
*************** response log end ***************

[2021-04-10T21:17:47.364] [INFO] response - 
*************** response log start ***************
request method: POST
request originalUrl:  /v1/module/rabbitmq/send
request client ip:  ::ffff:127.0.0.1
request body: 
{"name":"Jvan","password":"123456","phone":"18146628322"}
response time: 59
response status: 200
response body: 
"{\n  \"code\": 0,\n  \"message\": \"success\",\n  \"result\": \"发送成功!\"\n}"
*************** response log end ***************

[2021-04-10T21:19:07.304] [INFO] response - 
*************** response log start ***************
request method: POST
request originalUrl:  /v1/module/rabbitmq/send
request client ip:  ::ffff:127.0.0.1
request body: 
{"name":"Jvan","password":"123456","phone":"18146628322","__files":{}}
response time: 14
response status: 200
response body: 
"{\n  \"code\": 9998,\n  \"message\": \"参数错误\",\n  \"result\": {\n    \"queueName\": [\n      \"queueName is required.\"\n    ],\n    \"msg\": [\n      \"msg is required.\"\n    ]\n  }\n}"
*************** response log end ***************

[2021-04-10T21:19:24.485] [INFO] response - 
*************** response log start ***************
request method: POST
request originalUrl:  /v1/module/rabbitmq/send
request client ip:  ::ffff:127.0.0.1
request body: 
{"queueName":"Jvan","msg":"123456","phone":"18146628322","__files":{}}
response time: 67
response status: 200
response body: 
"{\n  \"code\": 0,\n  \"message\": \"success\",\n  \"result\": \"发送成功!\"\n}"
*************** response log end ***************

[2021-04-10T21:20:24.829] [INFO] response - 
*************** response log start ***************
request method: POST
request originalUrl:  /v1/module/rabbitmq/send
request client ip:  ::ffff:127.0.0.1
request body: 
{"queueName":"Jvan","msg":"123456","phone":"18146628322","__files":{}}
response time: 183
response status: 200
response body: 
"{\n  \"code\": 0,\n  \"message\": \"success\",\n  \"result\": \"发送成功!\"\n}"
*************** response log end ***************

[2021-04-10T21:39:01.473] [INFO] response - 
*************** response log start ***************
request method: POST
request originalUrl:  /v1/module/rabbitmq/send
request client ip:  ::ffff:127.0.0.1
request body: 
{"queueName":"Jvan1","msg":"123456","phone":"18146628322","__files":{}}
response time: 116
response status: 200
response body: 
"{\n  \"code\": 0,\n  \"message\": \"success\",\n  \"result\": \"发送成功!\"\n}"
*************** response log end ***************

[2021-04-10T21:39:03.556] [INFO] response - 
*************** response log start ***************
request method: POST
request originalUrl:  /v1/module/rabbitmq/send
request client ip:  ::ffff:127.0.0.1
request body: 
{"queueName":"Jvan12","msg":"123456","phone":"18146628322","__files":{}}
response time: 94
response status: 200
response body: 
"{\n  \"code\": 0,\n  \"message\": \"success\",\n  \"result\": \"发送成功!\"\n}"
*************** response log end ***************

[2021-04-10T21:39:06.401] [INFO] response - 
*************** response log start ***************
request method: POST
request originalUrl:  /v1/module/rabbitmq/send
request client ip:  ::ffff:127.0.0.1
request body: 
{"queueName":"Jvan123","msg":"123456","phone":"18146628322","__files":{}}
response time: 88
response status: 200
response body: 
"{\n  \"code\": 0,\n  \"message\": \"success\",\n  \"result\": \"发送成功!\"\n}"
*************** response log end ***************

[2021-04-10T21:39:08.990] [INFO] response - 
*************** response log start ***************
request method: POST
request originalUrl:  /v1/module/rabbitmq/send
request client ip:  ::ffff:127.0.0.1
request body: 
{"queueName":"Jvan1234","msg":"123456","phone":"18146628322","__files":{}}
response time: 87
response status: 200
response body: 
"{\n  \"code\": 0,\n  \"message\": \"success\",\n  \"result\": \"发送成功!\"\n}"
*************** response log end ***************

[2021-04-10T21:39:12.274] [INFO] response - 
*************** response log start ***************
request method: POST
request originalUrl:  /v1/module/rabbitmq/send
request client ip:  ::ffff:127.0.0.1
request body: 
{"queueName":"Jvan12345","msg":"123456","phone":"18146628322","__files":{}}
response time: 87
response status: 200
response body: 
"{\n  \"code\": 0,\n  \"message\": \"success\",\n  \"result\": \"发送成功!\"\n}"
*************** response log end ***************

[2021-04-10T21:39:15.373] [INFO] response - 
*************** response log start ***************
request method: POST
request originalUrl:  /v1/module/rabbitmq/send
request client ip:  ::ffff:127.0.0.1
request body: 
{"queueName":"Jvan123456","msg":"123456","phone":"18146628322","__files":{}}
response time: 110
response status: 200
response body: 
"{\n  \"code\": 0,\n  \"message\": \"success\",\n  \"result\": \"发送成功!\"\n}"
*************** response log end ***************

[2021-04-10T21:39:18.511] [INFO] response - 
*************** response log start ***************
request method: POST
request originalUrl:  /v1/module/rabbitmq/send
request client ip:  ::ffff:127.0.0.1
request body: 
{"queueName":"Jvan1234567","msg":"123456","phone":"18146628322","__files":{}}
response time: 103
response status: 200
response body: 
"{\n  \"code\": 0,\n  \"message\": \"success\",\n  \"result\": \"发送成功!\"\n}"
*************** response log end ***************

[2021-04-10T21:39:22.293] [INFO] response - 
*************** response log start ***************
request method: POST
request originalUrl:  /v1/module/rabbitmq/send
request client ip:  ::ffff:127.0.0.1
request body: 
{"queueName":"Jvan12345678","msg":"123456","phone":"18146628322","__files":{}}
response time: 121
response status: 200
response body: 
"{\n  \"code\": 0,\n  \"message\": \"success\",\n  \"result\": \"发送成功!\"\n}"
*************** response log end ***************

[2021-04-10T21:39:25.154] [INFO] response - 
*************** response log start ***************
request method: POST
request originalUrl:  /v1/module/rabbitmq/send
request client ip:  ::ffff:127.0.0.1
request body: 
{"queueName":"Jvan123456789","msg":"123456","phone":"18146628322","__files":{}}
response time: 87
response status: 200
response body: 
"{\n  \"code\": 0,\n  \"message\": \"success\",\n  \"result\": \"发送成功!\"\n}"
*************** response log end ***************

[2021-04-10T21:39:28.442] [INFO] response - 
*************** response log start ***************
request method: POST
request originalUrl:  /v1/module/rabbitmq/send
request client ip:  ::ffff:127.0.0.1
request body: 
{"queueName":"Jvan1234567890","msg":"123456","phone":"18146628322","__files":{}}
response time: 72
response status: 200
response body: 
"{\n  \"code\": 0,\n  \"message\": \"success\",\n  \"result\": \"发送成功!\"\n}"
*************** response log end ***************

