[2021-04-10T20:13:21.816] [INFO] response - 
*************** response log start ***************
request method: POST
request originalUrl:  /v1/module/rebbitmq/send
request client ip:  ::ffff:127.0.0.1
request body: 
{"name":"Jvan","password":"123456","phone":"18146628322"}
response time: 45
response status: 200
response body: 
"{\n  \"code\": 401,\n  \"message\": \"请登录！！\",\n  \"result\": {}\n}"
*************** response log end ***************

[2021-04-10T20:14:12.065] [INFO] response - 
*************** response log start ***************
request method: POST
request originalUrl:  /v1/module/rebbitmq/send
request client ip:  ::ffff:127.0.0.1
request body: 
{"name":"Jvan","password":"123456","phone":"18146628322"}
response time: 17
response status: 404
response body: 
undefined
*************** response log end ***************

[2021-04-10T20:14:32.868] [INFO] response - 
*************** response log start ***************
request method: POST
request originalUrl:  /v1/module/rebbitmq/send
request client ip:  ::ffff:127.0.0.1
request body: 
{"name":"Jvan","password":"123456","phone":"18146628322"}
response time: 16
response status: 404
response body: 
undefined
*************** response log end ***************

[2021-04-10T20:14:36.661] [INFO] response - 
*************** response log start ***************
request method: POST
request originalUrl:  /v1/module/rebbitmq/send
request client ip:  ::ffff:127.0.0.1
request body: 
{"name":"Jvan","password":"123456","phone":"18146628322"}
response time: 1
response status: 404
response body: 
undefined
*************** response log end ***************

[2021-04-10T20:15:21.678] [INFO] response - 
*************** response log start ***************
request method: POST
request originalUrl:  /v1/module/rebbitmq/send
request client ip:  ::ffff:127.0.0.1
request body: 
{"name":"Jvan","password":"123456","phone":"18146628322"}
response time: 16
response status: 404
response body: 
undefined
*************** response log end ***************

[2021-04-10T20:15:23.165] [INFO] response - 
*************** response log start ***************
request method: POST
request originalUrl:  /v1/module/rebbitmq/send
request client ip:  ::ffff:127.0.0.1
request body: 
{"name":"Jvan","password":"123456","phone":"18146628322"}
response time: 1
response status: 404
response body: 
undefined
*************** response log end ***************

[2021-04-10T20:15:40.489] [INFO] response - 
*************** response log start ***************
request method: POST
request originalUrl:  /v1/module/rebbitmq/send
request client ip:  ::ffff:127.0.0.1
request body: 
{"name":"Jvan","password":"123456","phone":"18146628322"}
response time: 24
response status: 404
response body: 
undefined
*************** response log end ***************

[2021-04-10T20:15:41.777] [INFO] response - 
*************** response log start ***************
request method: POST
request originalUrl:  /v1/module/rebbitmq/send
request client ip:  ::ffff:127.0.0.1
request body: 
{"name":"Jvan","password":"123456","phone":"18146628322"}
response time: 1
response status: 404
response body: 
undefined
*************** response log end ***************

[2021-04-10T20:17:04.181] [INFO] response - 
*************** response log start ***************
request method: POST
request originalUrl:  /v1/module/rebbitmq/send
request client ip:  ::ffff:127.0.0.1
request body: 
{"name":"Jvan","password":"123456","phone":"18146628322"}
response time: 11
response status: 404
response body: 
undefined
*************** response log end ***************

[2021-04-10T20:17:05.448] [INFO] response - 
*************** response log start ***************
request method: POST
request originalUrl:  /v1/module/rebbitmq/send
request client ip:  ::ffff:127.0.0.1
request body: 
{"name":"Jvan","password":"123456","phone":"18146628322"}
response time: 3
response status: 404
response body: 
undefined
*************** response log end ***************

[2021-04-10T20:17:13.706] [INFO] response - 
*************** response log start ***************
request method: POST
request originalUrl:  /v1/module/rebbitmq/send
request client ip:  ::ffff:127.0.0.1
request body: 
{"name":"Jvan","password":"123456","phone":"18146628322"}
response time: 13
response status: 404
response body: 
undefined
*************** response log end ***************

[2021-04-10T20:17:14.667] [INFO] response - 
*************** response log start ***************
request method: POST
request originalUrl:  /v1/module/rebbitmq/send
request client ip:  ::ffff:127.0.0.1
request body: 
{"name":"Jvan","password":"123456","phone":"18146628322"}
response time: 1
response status: 404
response body: 
undefined
*************** response log end ***************

[2021-04-10T20:17:24.245] [INFO] response - 
*************** response log start ***************
request method: POST
request originalUrl:  /v1/module/rebbitmq/send
request client ip:  ::ffff:127.0.0.1
request body: 
{"name":"Jvan","password":"123456","phone":"18146628322"}
response time: 22
response status: 404
response body: 
undefined
*************** response log end ***************

[2021-04-10T20:17:25.294] [INFO] response - 
*************** response log start ***************
request method: POST
request originalUrl:  /v1/module/rebbitmq/send
request client ip:  ::ffff:127.0.0.1
request body: 
{"name":"Jvan","password":"123456","phone":"18146628322"}
response time: 6
response status: 404
response body: 
undefined
*************** response log end ***************

[2021-04-10T20:17:26.120] [INFO] response - 
*************** response log start ***************
request method: POST
request originalUrl:  /v1/module/rebbitmq/send
request client ip:  ::ffff:127.0.0.1
request body: 
{"name":"Jvan","password":"123456","phone":"18146628322"}
response time: 0
response status: 404
response body: 
undefined
*************** response log end ***************

[2021-04-10T20:17:57.356] [INFO] response - 
*************** response log start ***************
request method: POST
request originalUrl:  /v1/module/rebbitmq/send
request client ip:  ::ffff:127.0.0.1
request body: 
{"name":"Jvan","password":"123456","phone":"18146628322"}
response time: 23
response status: 404
response body: 
undefined
*************** response log end ***************

[2021-04-10T20:17:58.648] [INFO] response - 
*************** response log start ***************
request method: POST
request originalUrl:  /v1/module/rebbitmq/send
request client ip:  ::ffff:127.0.0.1
request body: 
{"name":"Jvan","password":"123456","phone":"18146628322"}
response time: 2
response status: 404
response body: 
undefined
*************** response log end ***************

[2021-04-10T20:17:59.675] [INFO] response - 
*************** response log start ***************
request method: POST
request originalUrl:  /v1/module/rebbitmq/send
request client ip:  ::ffff:127.0.0.1
request body: 
{"name":"Jvan","password":"123456","phone":"18146628322"}
response time: 1
response status: 404
response body: 
undefined
*************** response log end ***************

[2021-04-10T20:18:15.358] [INFO] response - 
*************** response log start ***************
request method: POST
request originalUrl:  /v1/rebbitmq/send
request client ip:  ::ffff:127.0.0.1
request body: 
{"name":"Jvan","password":"123456","phone":"18146628322"}
response time: 5
response status: 200
response body: 
"{\n  \"code\": 401,\n  \"message\": \"请登录！！\",\n  \"result\": {}\n}"
*************** response log end ***************

[2021-04-10T20:18:39.695] [INFO] response - 
*************** response log start ***************
request method: POST
request originalUrl:  /v1/rebbitmq/send
request client ip:  ::ffff:127.0.0.1
request body: 
{"name":"Jvan","password":"123456","phone":"18146628322"}
response time: 21
response status: 404
response body: 
undefined
*************** response log end ***************

[2021-04-10T20:18:40.948] [INFO] response - 
*************** response log start ***************
request method: POST
request originalUrl:  /v1/rebbitmq/send
request client ip:  ::ffff:127.0.0.1
request body: 
{"name":"Jvan","password":"123456","phone":"18146628322"}
response time: 1
response status: 404
response body: 
undefined
*************** response log end ***************

[2021-04-10T20:18:41.998] [INFO] response - 
*************** response log start ***************
request method: POST
request originalUrl:  /v1/rebbitmq/send
request client ip:  ::ffff:127.0.0.1
request body: 
{"name":"Jvan","password":"123456","phone":"18146628322"}
response time: 0
response status: 404
response body: 
undefined
*************** response log end ***************

[2021-04-10T20:20:23.799] [INFO] response - 
*************** response log start ***************
request method: POST
request originalUrl:  /v1/module/rabbitmq/send
request client ip:  ::ffff:127.0.0.1
request body: 
{"name":"Jvan","password":"123456","phone":"18146628322"}
response time: 18
response status: 200
response body: 
"{\n  \"code\": 401,\n  \"message\": \"请登录！！\",\n  \"result\": {}\n}"
*************** response log end ***************

[2021-04-10T20:20:47.662] [INFO] response - 
*************** response log start ***************
request method: POST
request originalUrl:  /v1/module/rabbitmq/send
request client ip:  ::ffff:127.0.0.1
request body: 
{"name":"Jvan","password":"123456","phone":"18146628322"}
response time: 20
response status: 404
response body: 
undefined
*************** response log end ***************

[2021-04-10T20:20:49.562] [INFO] response - 
*************** response log start ***************
request method: POST
request originalUrl:  /v1/module/rabbitmq/send
request client ip:  ::ffff:127.0.0.1
request body: 
{"name":"Jvan","password":"123456","phone":"18146628322"}
response time: 2
response status: 404
response body: 
undefined
*************** response log end ***************

[2021-04-10T20:21:26.815] [INFO] response - 
*************** response log start ***************
request method: POST
request originalUrl:  /v1/module/rabbitmq/send
request client ip:  ::ffff:127.0.0.1
request body: 
{"name":"Jvan","password":"123456","phone":"18146628322"}
response time: 13
response status: 404
response body: 
undefined
*************** response log end ***************

[2021-04-10T20:21:44.990] [INFO] response - 
*************** response log start ***************
request method: POST
request originalUrl:  /v1/module/rabbitmq/send
request client ip:  ::ffff:127.0.0.1
request body: 
{"name":"Jvan","password":"123456","phone":"18146628322"}
response time: 42
response status: 200
response body: 
"{\n  \"code\": 0,\n  \"message\": \"success\",\n  \"result\": {\n    \"items\": []\n  }\n}"
*************** response log end ***************

[2021-04-10T20:24:02.594] [INFO] response - 
*************** response log start ***************
request method: POST
request originalUrl:  /v1/module/rabbitmq/send
request client ip:  ::ffff:127.0.0.1
request body: 
{"name":"Jvan","password":"123456","phone":"18146628322"}
response time: 22
response status: 200
response body: 
"{\n  \"code\": 0,\n  \"message\": \"success\",\n  \"result\": \"创建成功！\"\n}"
*************** response log end ***************

[2021-04-10T20:24:31.830] [INFO] response - 
*************** response log start ***************
request method: POST
request originalUrl:  /v1/module/rabbitmq/send
request client ip:  ::ffff:127.0.0.1
request body: 
{"name":"Jvan","password":"123456","phone":"18146628322"}
response time: 15
response status: 200
response body: 
"{\n  \"code\": 500,\n  \"message\": \"系统错误\",\n  \"result\": \"rabbitMq is not defined\"\n}"
*************** response log end ***************

[2021-04-10T20:24:34.130] [INFO] response - 
*************** response log start ***************
request method: POST
request originalUrl:  /v1/module/rabbitmq/send
request client ip:  ::ffff:127.0.0.1
request body: 
{"name":"Jvan","password":"123456","phone":"18146628322"}
response time: 1
response status: 200
response body: 
"{\n  \"code\": 500,\n  \"message\": \"系统错误\",\n  \"result\": \"rabbitMq is not defined\"\n}"
*************** response log end ***************

[2021-04-10T20:25:13.713] [INFO] response - 
*************** response log start ***************
request method: POST
request originalUrl:  /v1/module/rabbitmq/send
request client ip:  ::ffff:127.0.0.1
request body: 
{"name":"Jvan","password":"123456","phone":"18146628322"}
response time: 37
response status: 200
response body: 
"{\n  \"code\": 0,\n  \"message\": \"success\",\n  \"result\": \"创建成功！\"\n}"
*************** response log end ***************

[2021-04-10T20:26:20.372] [INFO] response - 
*************** response log start ***************
request method: POST
request originalUrl:  /v1/module/rabbitmq/send
request client ip:  ::ffff:127.0.0.1
request body: 
{"name":"Jvan","password":"123456","phone":"18146628322"}
response time: 13
response status: 200
response body: 
"{\n  \"code\": 0,\n  \"message\": \"success\",\n  \"result\": \"创建成功！\"\n}"
*************** response log end ***************

[2021-04-10T20:27:56.569] [INFO] response - 
*************** response log start ***************
request method: POST
request originalUrl:  /v1/module/rabbitmq/send
request client ip:  ::ffff:127.0.0.1
request body: 
{"name":"Jvan","password":"123456","phone":"18146628322"}
response time: 23
response status: 200
response body: 
"{\n  \"code\": 0,\n  \"message\": \"success\",\n  \"result\": \"创建成功！\"\n}"
*************** response log end ***************

[2021-04-10T20:29:21.458] [INFO] response - 
*************** response log start ***************
request method: POST
request originalUrl:  /v1/module/rabbitmq/send
request client ip:  ::ffff:127.0.0.1
request body: 
{"name":"Jvan","password":"123456","phone":"18146628322"}
response time: 16
response status: 200
response body: 
"{\n  \"code\": 0,\n  \"message\": \"success\",\n  \"result\": \"创建成功！\"\n}"
*************** response log end ***************

[2021-04-10T20:30:29.018] [INFO] response - 
*************** response log start ***************
request method: POST
request originalUrl:  /v1/module/rabbitmq/send
request client ip:  ::ffff:127.0.0.1
request body: 
{"name":"Jvan","password":"123456","phone":"18146628322"}
response time: 32
response status: 200
response body: 
"{\n  \"code\": 0,\n  \"message\": \"success\",\n  \"result\": \"创建成功！\"\n}"
*************** response log end ***************

[2021-04-10T20:31:46.999] [INFO] response - 
*************** response log start ***************
request method: POST
request originalUrl:  /v1/module/rabbitmq/send
request client ip:  ::ffff:127.0.0.1
request body: 
{"name":"Jvan","password":"123456","phone":"18146628322"}
response time: 37
response status: 200
response body: 
"{\n  \"code\": 0,\n  \"message\": \"success\",\n  \"result\": \"创建成功！\"\n}"
*************** response log end ***************

[2021-04-10T20:32:41.545] [INFO] response - 
*************** response log start ***************
request method: POST
request originalUrl:  /v1/module/rabbitmq/send
request client ip:  ::ffff:127.0.0.1
request body: 
{"name":"Jvan","password":"123456","phone":"18146628322"}
response time: 32
response status: 200
response body: 
"{\n  \"code\": 0,\n  \"message\": \"success\",\n  \"result\": \"创建成功！\"\n}"
*************** response log end ***************

[2021-04-10T20:34:56.163] [INFO] response - 
*************** response log start ***************
request method: POST
request originalUrl:  /v1/module/rabbitmq/send
request client ip:  ::ffff:127.0.0.1
request body: 
{"name":"Jvan","password":"123456","phone":"18146628322"}
response time: 42
response status: 200
response body: 
"{\n  \"code\": 0,\n  \"message\": \"success\",\n  \"result\": \"创建成功！\"\n}"
*************** response log end ***************

[2021-04-10T20:36:06.448] [INFO] response - 
*************** response log start ***************
request method: POST
request originalUrl:  /v1/module/rabbitmq/send
request client ip:  ::ffff:127.0.0.1
request body: 
{"name":"Jvan","password":"123456","phone":"18146628322"}
response time: 91
response status: 200
response body: 
"{\n  \"code\": 0,\n  \"message\": \"success\",\n  \"result\": \"创建成功！\"\n}"
*************** response log end ***************

[2021-04-10T20:36:35.688] [INFO] response - 
*************** response log start ***************
request method: POST
request originalUrl:  /v1/module/rabbitmq/send
request client ip:  ::ffff:127.0.0.1
request body: 
{"name":"Jvan","password":"123456","phone":"18146628322"}
response time: 28
response status: 200
response body: 
"{\n  \"code\": 0,\n  \"message\": \"success\",\n  \"result\": \"创建成功！\"\n}"
*************** response log end ***************

[2021-04-10T20:37:12.578] [INFO] response - 
*************** response log start ***************
request method: POST
request originalUrl:  /v1/module/rabbitmq/send
request client ip:  ::ffff:127.0.0.1
request body: 
{"name":"Jvan","password":"123456","phone":"18146628322"}
response time: 14
response status: 200
response body: 
"{\n  \"code\": 0,\n  \"message\": \"success\",\n  \"result\": \"创建成功！\"\n}"
*************** response log end ***************

[2021-04-10T20:39:40.035] [INFO] response - 
*************** response log start ***************
request method: POST
request originalUrl:  /v1/module/rabbitmq/send
request client ip:  ::ffff:127.0.0.1
request body: 
{"name":"Jvan","password":"123456","phone":"18146628322"}
response time: 2
response status: 200
response body: 
"{\n  \"code\": 0,\n  \"message\": \"success\",\n  \"result\": \"创建成功！\"\n}"
*************** response log end ***************

[2021-04-10T20:39:41.439] [INFO] response - 
*************** response log start ***************
request method: POST
request originalUrl:  /v1/module/rabbitmq/send
request client ip:  ::ffff:127.0.0.1
request body: 
{"name":"Jvan","password":"123456","phone":"18146628322"}
response time: 1
response status: 200
response body: 
"{\n  \"code\": 0,\n  \"message\": \"success\",\n  \"result\": \"创建成功！\"\n}"
*************** response log end ***************

[2021-04-10T20:39:42.378] [INFO] response - 
*************** response log start ***************
request method: POST
request originalUrl:  /v1/module/rabbitmq/send
request client ip:  ::ffff:127.0.0.1
request body: 
{"name":"Jvan","password":"123456","phone":"18146628322"}
response time: 1
response status: 200
response body: 
"{\n  \"code\": 0,\n  \"message\": \"success\",\n  \"result\": \"创建成功！\"\n}"
*************** response log end ***************

[2021-04-10T20:40:53.143] [INFO] response - 
*************** response log start ***************
request method: POST
request originalUrl:  /v1/module/rabbitmq/send
request client ip:  ::ffff:127.0.0.1
request body: 
{"name":"Jvan","password":"123456","phone":"18146628322"}
response time: 35
response status: 200
response body: 
"{\n  \"code\": 0,\n  \"message\": \"success\",\n  \"result\": \"创建成功！\"\n}"
*************** response log end ***************

[2021-04-10T20:41:22.571] [INFO] response - 
*************** response log start ***************
request method: POST
request originalUrl:  /v1/module/rabbitmq/send
request client ip:  ::ffff:127.0.0.1
request body: 
{"name":"Jvan","password":"123456","phone":"18146628322"}
response time: 24
response status: 200
response body: 
"{\n  \"code\": 0,\n  \"message\": \"success\",\n  \"result\": \"创建成功！\"\n}"
*************** response log end ***************

[2021-04-10T20:41:35.993] [INFO] response - 
*************** response log start ***************
request method: POST
request originalUrl:  /v1/module/rabbitmq/send
request client ip:  ::ffff:127.0.0.1
request body: 
{"name":"Jvan","password":"123456","phone":"18146628322"}
response time: 25
response status: 200
response body: 
"{\n  \"code\": 0,\n  \"message\": \"success\",\n  \"result\": \"创建成功！\"\n}"
*************** response log end ***************

[2021-04-10T20:42:05.707] [INFO] response - 
*************** response log start ***************
request method: POST
request originalUrl:  /v1/module/rabbitmq/send
request client ip:  ::ffff:127.0.0.1
request body: 
{"name":"Jvan","password":"123456","phone":"18146628322"}
response time: 34
response status: 200
response body: 
"{\n  \"code\": 500,\n  \"message\": \"系统错误\",\n  \"result\": {}\n}"
*************** response log end ***************

[2021-04-10T20:42:08.375] [INFO] response - 
*************** response log start ***************
request method: POST
request originalUrl:  /v1/module/rabbitmq/send
request client ip:  ::ffff:127.0.0.1
request body: 
{"name":"Jvan","password":"123456","phone":"18146628322"}
response time: 3
response status: 200
response body: 
"{\n  \"code\": 500,\n  \"message\": \"系统错误\",\n  \"result\": {}\n}"
*************** response log end ***************

[2021-04-10T20:42:36.117] [INFO] response - 
*************** response log start ***************
request method: POST
request originalUrl:  /v1/module/rabbitmq/send
request client ip:  ::ffff:127.0.0.1
request body: 
{"name":"Jvan","password":"123456","phone":"18146628322"}
response time: 12
response status: 200
response body: 
"{\n  \"code\": 500,\n  \"message\": \"系统错误\",\n  \"result\": {}\n}"
*************** response log end ***************

[2021-04-10T20:42:39.670] [INFO] response - 
*************** response log start ***************
request method: POST
request originalUrl:  /v1/module/rabbitmq/send
request client ip:  ::ffff:127.0.0.1
request body: 
{"name":"Jvan","password":"123456","phone":"18146628322"}
response time: 3
response status: 200
response body: 
"{\n  \"code\": 500,\n  \"message\": \"系统错误\",\n  \"result\": {}\n}"
*************** response log end ***************

