[2021-04-05T22:09:23.861] [INFO] response - 
*************** response log start ***************
request method: POST
request originalUrl:  /v1/user/register
request client ip:  ::ffff:127.0.0.1
request body: 
{"name":"Jvan","password":"123456","phone":"18146628322","__files":{}}
response time: 263
response status: 200
response body: 
"{\n  \"code\": 0,\n  \"message\": \"success\",\n  \"result\": \"创建成功！\"\n}"
*************** response log end ***************

[2021-04-05T22:12:28.349] [INFO] response - 
*************** response log start ***************
request method: POST
request originalUrl:  /v1/user/register
request client ip:  ::ffff:127.0.0.1
request body: 
{"name":"Jvan","password":"123456","phone":"18146628322","__files":{}}
response time: 246
response status: 200
response body: 
"{\n  \"code\": 0,\n  \"message\": \"success\",\n  \"result\": \"创建成功！\"\n}"
*************** response log end ***************

[2021-04-05T22:12:51.066] [INFO] response - 
*************** response log start ***************
request method: POST
request originalUrl:  /v1/user/register
request client ip:  ::ffff:127.0.0.1
request body: 
{"name":"Jvan","password":"123456","phone":"18146628322","__files":{}}
response time: 188
response status: 200
response body: 
"{\n  \"code\": 0,\n  \"message\": \"success\",\n  \"result\": \"创建成功！\"\n}"
*************** response log end ***************

[2021-04-05T22:12:52.764] [INFO] response - 
*************** response log start ***************
request method: POST
request originalUrl:  /v1/user/register
request client ip:  ::ffff:127.0.0.1
request body: 
{"name":"Jvan","password":"123456","phone":"18146628322","__files":{}}
response time: 104
response status: 200
response body: 
"{\n  \"code\": 0,\n  \"message\": \"success\",\n  \"result\": \"创建成功！\"\n}"
*************** response log end ***************

[2021-04-05T22:12:53.698] [INFO] response - 
*************** response log start ***************
request method: POST
request originalUrl:  /v1/user/register
request client ip:  ::ffff:127.0.0.1
request body: 
{"name":"Jvan","password":"123456","phone":"18146628322","__files":{}}
response time: 145
response status: 200
response body: 
"{\n  \"code\": 0,\n  \"message\": \"success\",\n  \"result\": \"创建成功！\"\n}"
*************** response log end ***************

[2021-04-05T22:18:25.048] [INFO] response - 
*************** response log start ***************
request method: POST
request originalUrl:  /v1/user/register
request client ip:  ::ffff:127.0.0.1
request body: 
{"name":"Jvan","password":"123456","phone":"18146628322","__files":{}}
response time: 252
response status: 200
response body: 
"{\n  \"code\": 0,\n  \"message\": \"success\",\n  \"result\": \"创建成功！\"\n}"
*************** response log end ***************

[2021-04-05T22:19:10.628] [INFO] response - 
*************** response log start ***************
request method: POST
request originalUrl:  /v1/user/register
request client ip:  ::ffff:127.0.0.1
request body: 
{"name":"Jvan","password":"123456","phone":"18146628322","__files":{}}
response time: 325
response status: 200
response body: 
"{\n  \"code\": 0,\n  \"message\": \"success\",\n  \"result\": \"创建成功！\"\n}"
*************** response log end ***************

[2021-04-05T22:19:51.441] [INFO] response - 
*************** response log start ***************
request method: POST
request originalUrl:  /v1/user/register
request client ip:  ::ffff:127.0.0.1
request body: 
{"name":"Jvan","password":"123456","phone":"18146628322","__files":{}}
response time: 101
response status: 200
response body: 
"{\n  \"code\": \"手机号码已存在！\",\n  \"message\": 500,\n  \"result\": {}\n}"
*************** response log end ***************

[2021-04-05T22:20:04.623] [INFO] response - 
*************** response log start ***************
request method: POST
request originalUrl:  /v1/user/register
request client ip:  ::ffff:127.0.0.1
request body: 
{"name":"Jvan","password":"123456","phone":"18146628322","__files":{}}
response time: 77
response status: 200
response body: 
"{\n  \"code\": 500,\n  \"message\": \"手机号码已存在！\",\n  \"result\": {}\n}"
*************** response log end ***************

[2021-04-05T22:20:12.964] [INFO] response - 
*************** response log start ***************
request method: POST
request originalUrl:  /v1/user/register
request client ip:  ::ffff:127.0.0.1
request body: 
{"name":"Jvan","password":"123456","phone":"18146628322","__files":{}}
response time: 74
response status: 200
response body: 
"{\n  \"code\": 500,\n  \"message\": \"手机号码已存在！\",\n  \"result\": {}\n}"
*************** response log end ***************

[2021-04-05T22:21:05.288] [INFO] response - 
*************** response log start ***************
request method: POST
request originalUrl:  /v1/user/register
request client ip:  ::ffff:127.0.0.1
request body: 
{"name":"Jvan","password":"123456","phone":"18146628322","__files":{}}
response time: 93
response status: 200
response body: 
"{\n  \"code\": 499,\n  \"message\": \"手机号码已存在！\",\n  \"result\": {}\n}"
*************** response log end ***************

[2021-04-05T22:21:14.807] [INFO] response - 
*************** response log start ***************
request method: POST
request originalUrl:  /v1/user/register
request client ip:  ::ffff:127.0.0.1
request body: 
{"name":"Jvan","password":"123456","phone":"18146628322","__files":{}}
response time: 11
response status: 200
response body: 
"{\n  \"code\": 499,\n  \"message\": \"手机号码已存在！\",\n  \"result\": {}\n}"
*************** response log end ***************

[2021-04-05T22:21:35.510] [INFO] response - 
*************** response log start ***************
request method: POST
request originalUrl:  /v1/user/register
request client ip:  ::ffff:127.0.0.1
request body: 
{"name":"Jvan","password":"123456","phone":"18146628322","__files":{}}
response time: 60
response status: 200
response body: 
"{\n  \"code\": 499,\n  \"message\": \"手机号码已存在！\",\n  \"result\": {}\n}"
*************** response log end ***************

[2021-04-05T22:21:37.113] [INFO] response - 
*************** response log start ***************
request method: POST
request originalUrl:  /v1/user/register
request client ip:  ::ffff:127.0.0.1
request body: 
{"name":"Jvan","password":"123456","phone":"18146628322","__files":{}}
response time: 18
response status: 200
response body: 
"{\n  \"code\": 499,\n  \"message\": \"手机号码已存在！\",\n  \"result\": {}\n}"
*************** response log end ***************

[2021-04-05T22:21:51.784] [INFO] response - 
*************** response log start ***************
request method: POST
request originalUrl:  /v1/user/register
request client ip:  ::ffff:127.0.0.1
request body: 
{"name":"Jvan","password":"123456","phone":"18146628322","__files":{}}
response time: 19
response status: 200
response body: 
"{\n  \"code\": 500,\n  \"message\": \"系统错误\",\n  \"result\": \"self is not defined\"\n}"
*************** response log end ***************

[2021-04-05T22:21:55.229] [INFO] response - 
*************** response log start ***************
request method: POST
request originalUrl:  /v1/user/register
request client ip:  ::ffff:127.0.0.1
request body: 
{"name":"Jvan","password":"123456","phone":"18146628322","__files":{}}
response time: 2
response status: 200
response body: 
"{\n  \"code\": 500,\n  \"message\": \"系统错误\",\n  \"result\": \"self is not defined\"\n}"
*************** response log end ***************

[2021-04-05T22:22:11.886] [INFO] response - 
*************** response log start ***************
request method: POST
request originalUrl:  /v1/user/register
request client ip:  ::ffff:127.0.0.1
request body: 
{"name":"Jvan","password":"123456","phone":"18146628322","__files":{}}
response time: 115
response status: 200
response body: 
"{\n  \"code\": 499,\n  \"message\": \"手机号码已存在！\",\n  \"result\": {}\n}"
*************** response log end ***************

