[2021-04-10T22:01:46.097] [INFO] sqlponse - 
*************** sql log start ***************
Sat Apr 10 2021 22:01:46 GMT+0800 (中国标准时间)Executing (default): CREATE TABLE IF NOT EXISTS `userInfo` (`userid` INTEGER UNSIGNED NOT NULL auto_increment , `name` VARCHAR(255) NOT NULL COMMENT '用户名称', `password` VARCHAR(255) NOT NULL COMMENT '用户密码', `phone` TINYTEXT COMMENT '手机号码', `question` VARCHAR(255) DEFAULT '' COMMENT '找回密码问题', `answer` VARCHAR(255) DEFAULT '' COMMENT '找回密码答案', `role` INTEGER(4) DEFAULT 1 COMMENT '角色0-管理员,1-普通用户', `creat_time` DATETIME NOT NULL, `updat_time` DATETIME NOT NULL, PRIMARY KEY (`userid`)) ENGINE=InnoDB COMMENT '用户表';
*************** sql log end ***************

[2021-04-10T22:01:46.106] [INFO] sqlponse - 
*************** sql log start ***************
Sat Apr 10 2021 22:01:46 GMT+0800 (中国标准时间)Executing (default): SHOW INDEX FROM `userInfo`
*************** sql log end ***************

[2021-04-10T22:02:19.606] [INFO] sqlponse - 
*************** sql log start ***************
Sat Apr 10 2021 22:02:19 GMT+0800 (中国标准时间)Executing (default): CREATE TABLE IF NOT EXISTS `userInfo` (`userid` INTEGER UNSIGNED NOT NULL auto_increment , `name` VARCHAR(255) NOT NULL COMMENT '用户名称', `password` VARCHAR(255) NOT NULL COMMENT '用户密码', `phone` TINYTEXT COMMENT '手机号码', `question` VARCHAR(255) DEFAULT '' COMMENT '找回密码问题', `answer` VARCHAR(255) DEFAULT '' COMMENT '找回密码答案', `role` INTEGER(4) DEFAULT 1 COMMENT '角色0-管理员,1-普通用户', `creat_time` DATETIME NOT NULL, `updat_time` DATETIME NOT NULL, PRIMARY KEY (`userid`)) ENGINE=InnoDB COMMENT '用户表';
*************** sql log end ***************

[2021-04-10T22:02:19.627] [INFO] sqlponse - 
*************** sql log start ***************
Sat Apr 10 2021 22:02:19 GMT+0800 (中国标准时间)Executing (default): SHOW INDEX FROM `userInfo`
*************** sql log end ***************

[2021-04-10T22:02:28.695] [INFO] sqlponse - 
*************** sql log start ***************
Sat Apr 10 2021 22:02:28 GMT+0800 (中国标准时间)Executing (default): CREATE TABLE IF NOT EXISTS `userInfo` (`userid` INTEGER UNSIGNED NOT NULL auto_increment , `name` VARCHAR(255) NOT NULL COMMENT '用户名称', `password` VARCHAR(255) NOT NULL COMMENT '用户密码', `phone` TINYTEXT COMMENT '手机号码', `question` VARCHAR(255) DEFAULT '' COMMENT '找回密码问题', `answer` VARCHAR(255) DEFAULT '' COMMENT '找回密码答案', `role` INTEGER(4) DEFAULT 1 COMMENT '角色0-管理员,1-普通用户', `creat_time` DATETIME NOT NULL, `updat_time` DATETIME NOT NULL, PRIMARY KEY (`userid`)) ENGINE=InnoDB COMMENT '用户表';
*************** sql log end ***************

[2021-04-10T22:02:28.720] [INFO] sqlponse - 
*************** sql log start ***************
Sat Apr 10 2021 22:02:28 GMT+0800 (中国标准时间)Executing (default): SHOW INDEX FROM `userInfo`
*************** sql log end ***************

[2021-04-10T22:02:50.376] [INFO] sqlponse - 
*************** sql log start ***************
Sat Apr 10 2021 22:02:50 GMT+0800 (中国标准时间)Executing (default): CREATE TABLE IF NOT EXISTS `userInfo` (`userid` INTEGER UNSIGNED NOT NULL auto_increment , `name` VARCHAR(255) NOT NULL COMMENT '用户名称', `password` VARCHAR(255) NOT NULL COMMENT '用户密码', `phone` TINYTEXT COMMENT '手机号码', `question` VARCHAR(255) DEFAULT '' COMMENT '找回密码问题', `answer` VARCHAR(255) DEFAULT '' COMMENT '找回密码答案', `role` INTEGER(4) DEFAULT 1 COMMENT '角色0-管理员,1-普通用户', `creat_time` DATETIME NOT NULL, `updat_time` DATETIME NOT NULL, PRIMARY KEY (`userid`)) ENGINE=InnoDB COMMENT '用户表';
*************** sql log end ***************

[2021-04-10T22:02:50.381] [INFO] sqlponse - 
*************** sql log start ***************
Sat Apr 10 2021 22:02:50 GMT+0800 (中国标准时间)Executing (default): SHOW INDEX FROM `userInfo`
*************** sql log end ***************

[2021-04-10T22:02:58.617] [INFO] sqlponse - 
*************** sql log start ***************
Sat Apr 10 2021 22:02:58 GMT+0800 (中国标准时间)Executing (default): CREATE TABLE IF NOT EXISTS `userInfo` (`userid` INTEGER UNSIGNED NOT NULL auto_increment , `name` VARCHAR(255) NOT NULL COMMENT '用户名称', `password` VARCHAR(255) NOT NULL COMMENT '用户密码', `phone` TINYTEXT COMMENT '手机号码', `question` VARCHAR(255) DEFAULT '' COMMENT '找回密码问题', `answer` VARCHAR(255) DEFAULT '' COMMENT '找回密码答案', `role` INTEGER(4) DEFAULT 1 COMMENT '角色0-管理员,1-普通用户', `creat_time` DATETIME NOT NULL, `updat_time` DATETIME NOT NULL, PRIMARY KEY (`userid`)) ENGINE=InnoDB COMMENT '用户表';
*************** sql log end ***************

[2021-04-10T22:02:58.623] [INFO] sqlponse - 
*************** sql log start ***************
Sat Apr 10 2021 22:02:58 GMT+0800 (中国标准时间)Executing (default): SHOW INDEX FROM `userInfo`
*************** sql log end ***************

[2021-04-10T22:05:19.390] [INFO] sqlponse - 
*************** sql log start ***************
Sat Apr 10 2021 22:05:19 GMT+0800 (中国标准时间)Executing (default): CREATE TABLE IF NOT EXISTS `userInfo` (`userid` INTEGER UNSIGNED NOT NULL auto_increment , `name` VARCHAR(255) NOT NULL COMMENT '用户名称', `password` VARCHAR(255) NOT NULL COMMENT '用户密码', `phone` TINYTEXT COMMENT '手机号码', `question` VARCHAR(255) DEFAULT '' COMMENT '找回密码问题', `answer` VARCHAR(255) DEFAULT '' COMMENT '找回密码答案', `role` INTEGER(4) DEFAULT 1 COMMENT '角色0-管理员,1-普通用户', `creat_time` DATETIME NOT NULL, `updat_time` DATETIME NOT NULL, PRIMARY KEY (`userid`)) ENGINE=InnoDB COMMENT '用户表';
*************** sql log end ***************

[2021-04-10T22:05:19.397] [INFO] sqlponse - 
*************** sql log start ***************
Sat Apr 10 2021 22:05:19 GMT+0800 (中国标准时间)Executing (default): SHOW INDEX FROM `userInfo`
*************** sql log end ***************

[2021-04-10T22:05:42.900] [INFO] sqlponse - 
*************** sql log start ***************
Sat Apr 10 2021 22:05:42 GMT+0800 (中国标准时间)Executing (default): CREATE TABLE IF NOT EXISTS `userInfo` (`userid` INTEGER UNSIGNED NOT NULL auto_increment , `name` VARCHAR(255) NOT NULL COMMENT '用户名称', `password` VARCHAR(255) NOT NULL COMMENT '用户密码', `phone` TINYTEXT COMMENT '手机号码', `question` VARCHAR(255) DEFAULT '' COMMENT '找回密码问题', `answer` VARCHAR(255) DEFAULT '' COMMENT '找回密码答案', `role` INTEGER(4) DEFAULT 1 COMMENT '角色0-管理员,1-普通用户', `creat_time` DATETIME NOT NULL, `updat_time` DATETIME NOT NULL, PRIMARY KEY (`userid`)) ENGINE=InnoDB COMMENT '用户表';
*************** sql log end ***************

[2021-04-10T22:05:42.911] [INFO] sqlponse - 
*************** sql log start ***************
Sat Apr 10 2021 22:05:42 GMT+0800 (中国标准时间)Executing (default): SHOW INDEX FROM `userInfo`
*************** sql log end ***************

[2021-04-10T22:07:59.532] [INFO] sqlponse - 
*************** sql log start ***************
Sat Apr 10 2021 22:07:59 GMT+0800 (中国标准时间)Executing (default): CREATE TABLE IF NOT EXISTS `userInfo` (`userid` INTEGER UNSIGNED NOT NULL auto_increment , `name` VARCHAR(255) NOT NULL COMMENT '用户名称', `password` VARCHAR(255) NOT NULL COMMENT '用户密码', `phone` TINYTEXT COMMENT '手机号码', `question` VARCHAR(255) DEFAULT '' COMMENT '找回密码问题', `answer` VARCHAR(255) DEFAULT '' COMMENT '找回密码答案', `role` INTEGER(4) DEFAULT 1 COMMENT '角色0-管理员,1-普通用户', `creat_time` DATETIME NOT NULL, `updat_time` DATETIME NOT NULL, PRIMARY KEY (`userid`)) ENGINE=InnoDB COMMENT '用户表';
*************** sql log end ***************

[2021-04-10T22:07:59.539] [INFO] sqlponse - 
*************** sql log start ***************
Sat Apr 10 2021 22:07:59 GMT+0800 (中国标准时间)Executing (default): SHOW INDEX FROM `userInfo`
*************** sql log end ***************

[2021-04-10T22:08:43.407] [INFO] sqlponse - 
*************** sql log start ***************
Sat Apr 10 2021 22:08:43 GMT+0800 (中国标准时间)Executing (default): CREATE TABLE IF NOT EXISTS `userInfo` (`userid` INTEGER UNSIGNED NOT NULL auto_increment , `name` VARCHAR(255) NOT NULL COMMENT '用户名称', `password` VARCHAR(255) NOT NULL COMMENT '用户密码', `phone` TINYTEXT COMMENT '手机号码', `question` VARCHAR(255) DEFAULT '' COMMENT '找回密码问题', `answer` VARCHAR(255) DEFAULT '' COMMENT '找回密码答案', `role` INTEGER(4) DEFAULT 1 COMMENT '角色0-管理员,1-普通用户', `creat_time` DATETIME NOT NULL, `updat_time` DATETIME NOT NULL, PRIMARY KEY (`userid`)) ENGINE=InnoDB COMMENT '用户表';
*************** sql log end ***************

[2021-04-10T22:08:43.414] [INFO] sqlponse - 
*************** sql log start ***************
Sat Apr 10 2021 22:08:43 GMT+0800 (中国标准时间)Executing (default): SHOW INDEX FROM `userInfo`
*************** sql log end ***************

[2021-04-10T22:08:58.983] [INFO] sqlponse - 
*************** sql log start ***************
Sat Apr 10 2021 22:08:58 GMT+0800 (中国标准时间)Executing (default): CREATE TABLE IF NOT EXISTS `userInfo` (`userid` INTEGER UNSIGNED NOT NULL auto_increment , `name` VARCHAR(255) NOT NULL COMMENT '用户名称', `password` VARCHAR(255) NOT NULL COMMENT '用户密码', `phone` TINYTEXT COMMENT '手机号码', `question` VARCHAR(255) DEFAULT '' COMMENT '找回密码问题', `answer` VARCHAR(255) DEFAULT '' COMMENT '找回密码答案', `role` INTEGER(4) DEFAULT 1 COMMENT '角色0-管理员,1-普通用户', `creat_time` DATETIME NOT NULL, `updat_time` DATETIME NOT NULL, PRIMARY KEY (`userid`)) ENGINE=InnoDB COMMENT '用户表';
*************** sql log end ***************

[2021-04-10T22:08:58.995] [INFO] sqlponse - 
*************** sql log start ***************
Sat Apr 10 2021 22:08:58 GMT+0800 (中国标准时间)Executing (default): SHOW INDEX FROM `userInfo`
*************** sql log end ***************

[2021-04-10T22:11:06.060] [INFO] sqlponse - 
*************** sql log start ***************
Sat Apr 10 2021 22:11:06 GMT+0800 (中国标准时间)Executing (default): CREATE TABLE IF NOT EXISTS `userInfo` (`userid` INTEGER UNSIGNED NOT NULL auto_increment , `name` VARCHAR(255) NOT NULL COMMENT '用户名称', `password` VARCHAR(255) NOT NULL COMMENT '用户密码', `phone` TINYTEXT COMMENT '手机号码', `question` VARCHAR(255) DEFAULT '' COMMENT '找回密码问题', `answer` VARCHAR(255) DEFAULT '' COMMENT '找回密码答案', `role` INTEGER(4) DEFAULT 1 COMMENT '角色0-管理员,1-普通用户', `creat_time` DATETIME NOT NULL, `updat_time` DATETIME NOT NULL, PRIMARY KEY (`userid`)) ENGINE=InnoDB COMMENT '用户表';
*************** sql log end ***************

[2021-04-10T22:11:06.066] [INFO] sqlponse - 
*************** sql log start ***************
Sat Apr 10 2021 22:11:06 GMT+0800 (中国标准时间)Executing (default): SHOW INDEX FROM `userInfo`
*************** sql log end ***************

[2021-04-10T22:11:19.803] [INFO] sqlponse - 
*************** sql log start ***************
Sat Apr 10 2021 22:11:19 GMT+0800 (中国标准时间)Executing (default): CREATE TABLE IF NOT EXISTS `userInfo` (`userid` INTEGER UNSIGNED NOT NULL auto_increment , `name` VARCHAR(255) NOT NULL COMMENT '用户名称', `password` VARCHAR(255) NOT NULL COMMENT '用户密码', `phone` TINYTEXT COMMENT '手机号码', `question` VARCHAR(255) DEFAULT '' COMMENT '找回密码问题', `answer` VARCHAR(255) DEFAULT '' COMMENT '找回密码答案', `role` INTEGER(4) DEFAULT 1 COMMENT '角色0-管理员,1-普通用户', `creat_time` DATETIME NOT NULL, `updat_time` DATETIME NOT NULL, PRIMARY KEY (`userid`)) ENGINE=InnoDB COMMENT '用户表';
*************** sql log end ***************

[2021-04-10T22:11:19.813] [INFO] sqlponse - 
*************** sql log start ***************
Sat Apr 10 2021 22:11:19 GMT+0800 (中国标准时间)Executing (default): SHOW INDEX FROM `userInfo`
*************** sql log end ***************

[2021-04-10T22:11:28.164] [INFO] sqlponse - 
*************** sql log start ***************
Sat Apr 10 2021 22:11:28 GMT+0800 (中国标准时间)Executing (default): CREATE TABLE IF NOT EXISTS `userInfo` (`userid` INTEGER UNSIGNED NOT NULL auto_increment , `name` VARCHAR(255) NOT NULL COMMENT '用户名称', `password` VARCHAR(255) NOT NULL COMMENT '用户密码', `phone` TINYTEXT COMMENT '手机号码', `question` VARCHAR(255) DEFAULT '' COMMENT '找回密码问题', `answer` VARCHAR(255) DEFAULT '' COMMENT '找回密码答案', `role` INTEGER(4) DEFAULT 1 COMMENT '角色0-管理员,1-普通用户', `creat_time` DATETIME NOT NULL, `updat_time` DATETIME NOT NULL, PRIMARY KEY (`userid`)) ENGINE=InnoDB COMMENT '用户表';
*************** sql log end ***************

[2021-04-10T22:11:28.183] [INFO] sqlponse - 
*************** sql log start ***************
Sat Apr 10 2021 22:11:28 GMT+0800 (中国标准时间)Executing (default): SHOW INDEX FROM `userInfo`
*************** sql log end ***************

[2021-04-10T22:12:06.214] [INFO] sqlponse - 
*************** sql log start ***************
Sat Apr 10 2021 22:12:06 GMT+0800 (中国标准时间)Executing (default): CREATE TABLE IF NOT EXISTS `userInfo` (`userid` INTEGER UNSIGNED NOT NULL auto_increment , `name` VARCHAR(255) NOT NULL COMMENT '用户名称', `password` VARCHAR(255) NOT NULL COMMENT '用户密码', `phone` TINYTEXT COMMENT '手机号码', `question` VARCHAR(255) DEFAULT '' COMMENT '找回密码问题', `answer` VARCHAR(255) DEFAULT '' COMMENT '找回密码答案', `role` INTEGER(4) DEFAULT 1 COMMENT '角色0-管理员,1-普通用户', `creat_time` DATETIME NOT NULL, `updat_time` DATETIME NOT NULL, PRIMARY KEY (`userid`)) ENGINE=InnoDB COMMENT '用户表';
*************** sql log end ***************

[2021-04-10T22:12:06.230] [INFO] sqlponse - 
*************** sql log start ***************
Sat Apr 10 2021 22:12:06 GMT+0800 (中国标准时间)Executing (default): SHOW INDEX FROM `userInfo`
*************** sql log end ***************

[2021-04-10T22:12:07.724] [INFO] sqlponse - 
*************** sql log start ***************
Sat Apr 10 2021 22:12:07 GMT+0800 (中国标准时间)Executing (default): CREATE TABLE IF NOT EXISTS `userInfo` (`userid` INTEGER UNSIGNED NOT NULL auto_increment , `name` VARCHAR(255) NOT NULL COMMENT '用户名称', `password` VARCHAR(255) NOT NULL COMMENT '用户密码', `phone` TINYTEXT COMMENT '手机号码', `question` VARCHAR(255) DEFAULT '' COMMENT '找回密码问题', `answer` VARCHAR(255) DEFAULT '' COMMENT '找回密码答案', `role` INTEGER(4) DEFAULT 1 COMMENT '角色0-管理员,1-普通用户', `creat_time` DATETIME NOT NULL, `updat_time` DATETIME NOT NULL, PRIMARY KEY (`userid`)) ENGINE=InnoDB COMMENT '用户表';
*************** sql log end ***************

[2021-04-10T22:12:07.730] [INFO] sqlponse - 
*************** sql log start ***************
Sat Apr 10 2021 22:12:07 GMT+0800 (中国标准时间)Executing (default): SHOW INDEX FROM `userInfo`
*************** sql log end ***************

[2021-04-10T22:12:17.253] [INFO] sqlponse - 
*************** sql log start ***************
Sat Apr 10 2021 22:12:17 GMT+0800 (中国标准时间)Executing (default): CREATE TABLE IF NOT EXISTS `userInfo` (`userid` INTEGER UNSIGNED NOT NULL auto_increment , `name` VARCHAR(255) NOT NULL COMMENT '用户名称', `password` VARCHAR(255) NOT NULL COMMENT '用户密码', `phone` TINYTEXT COMMENT '手机号码', `question` VARCHAR(255) DEFAULT '' COMMENT '找回密码问题', `answer` VARCHAR(255) DEFAULT '' COMMENT '找回密码答案', `role` INTEGER(4) DEFAULT 1 COMMENT '角色0-管理员,1-普通用户', `creat_time` DATETIME NOT NULL, `updat_time` DATETIME NOT NULL, PRIMARY KEY (`userid`)) ENGINE=InnoDB COMMENT '用户表';
*************** sql log end ***************

[2021-04-10T22:12:17.260] [INFO] sqlponse - 
*************** sql log start ***************
Sat Apr 10 2021 22:12:17 GMT+0800 (中国标准时间)Executing (default): SHOW INDEX FROM `userInfo`
*************** sql log end ***************

[2021-04-10T22:12:18.464] [INFO] sqlponse - 
*************** sql log start ***************
Sat Apr 10 2021 22:12:18 GMT+0800 (中国标准时间)Executing (default): CREATE TABLE IF NOT EXISTS `userInfo` (`userid` INTEGER UNSIGNED NOT NULL auto_increment , `name` VARCHAR(255) NOT NULL COMMENT '用户名称', `password` VARCHAR(255) NOT NULL COMMENT '用户密码', `phone` TINYTEXT COMMENT '手机号码', `question` VARCHAR(255) DEFAULT '' COMMENT '找回密码问题', `answer` VARCHAR(255) DEFAULT '' COMMENT '找回密码答案', `role` INTEGER(4) DEFAULT 1 COMMENT '角色0-管理员,1-普通用户', `creat_time` DATETIME NOT NULL, `updat_time` DATETIME NOT NULL, PRIMARY KEY (`userid`)) ENGINE=InnoDB COMMENT '用户表';
*************** sql log end ***************

[2021-04-10T22:12:18.470] [INFO] sqlponse - 
*************** sql log start ***************
Sat Apr 10 2021 22:12:18 GMT+0800 (中国标准时间)Executing (default): SHOW INDEX FROM `userInfo`
*************** sql log end ***************

[2021-04-10T22:12:49.631] [INFO] sqlponse - 
*************** sql log start ***************
Sat Apr 10 2021 22:12:49 GMT+0800 (中国标准时间)Executing (default): CREATE TABLE IF NOT EXISTS `userInfo` (`userid` INTEGER UNSIGNED NOT NULL auto_increment , `name` VARCHAR(255) NOT NULL COMMENT '用户名称', `password` VARCHAR(255) NOT NULL COMMENT '用户密码', `phone` TINYTEXT COMMENT '手机号码', `question` VARCHAR(255) DEFAULT '' COMMENT '找回密码问题', `answer` VARCHAR(255) DEFAULT '' COMMENT '找回密码答案', `role` INTEGER(4) DEFAULT 1 COMMENT '角色0-管理员,1-普通用户', `creat_time` DATETIME NOT NULL, `updat_time` DATETIME NOT NULL, PRIMARY KEY (`userid`)) ENGINE=InnoDB COMMENT '用户表';
*************** sql log end ***************

[2021-04-10T22:12:49.640] [INFO] sqlponse - 
*************** sql log start ***************
Sat Apr 10 2021 22:12:49 GMT+0800 (中国标准时间)Executing (default): SHOW INDEX FROM `userInfo`
*************** sql log end ***************

[2021-04-10T22:12:56.633] [INFO] sqlponse - 
*************** sql log start ***************
Sat Apr 10 2021 22:12:56 GMT+0800 (中国标准时间)Executing (default): CREATE TABLE IF NOT EXISTS `userInfo` (`userid` INTEGER UNSIGNED NOT NULL auto_increment , `name` VARCHAR(255) NOT NULL COMMENT '用户名称', `password` VARCHAR(255) NOT NULL COMMENT '用户密码', `phone` TINYTEXT COMMENT '手机号码', `question` VARCHAR(255) DEFAULT '' COMMENT '找回密码问题', `answer` VARCHAR(255) DEFAULT '' COMMENT '找回密码答案', `role` INTEGER(4) DEFAULT 1 COMMENT '角色0-管理员,1-普通用户', `creat_time` DATETIME NOT NULL, `updat_time` DATETIME NOT NULL, PRIMARY KEY (`userid`)) ENGINE=InnoDB COMMENT '用户表';
*************** sql log end ***************

[2021-04-10T22:12:56.661] [INFO] sqlponse - 
*************** sql log start ***************
Sat Apr 10 2021 22:12:56 GMT+0800 (中国标准时间)Executing (default): SHOW INDEX FROM `userInfo`
*************** sql log end ***************

[2021-04-10T22:13:34.336] [INFO] sqlponse - 
*************** sql log start ***************
Sat Apr 10 2021 22:13:34 GMT+0800 (中国标准时间)Executing (default): CREATE TABLE IF NOT EXISTS `userInfo` (`userid` INTEGER UNSIGNED NOT NULL auto_increment , `name` VARCHAR(255) NOT NULL COMMENT '用户名称', `password` VARCHAR(255) NOT NULL COMMENT '用户密码', `phone` TINYTEXT COMMENT '手机号码', `question` VARCHAR(255) DEFAULT '' COMMENT '找回密码问题', `answer` VARCHAR(255) DEFAULT '' COMMENT '找回密码答案', `role` INTEGER(4) DEFAULT 1 COMMENT '角色0-管理员,1-普通用户', `creat_time` DATETIME NOT NULL, `updat_time` DATETIME NOT NULL, PRIMARY KEY (`userid`)) ENGINE=InnoDB COMMENT '用户表';
*************** sql log end ***************

[2021-04-10T22:13:34.344] [INFO] sqlponse - 
*************** sql log start ***************
Sat Apr 10 2021 22:13:34 GMT+0800 (中国标准时间)Executing (default): SHOW INDEX FROM `userInfo`
*************** sql log end ***************

[2021-04-10T22:15:37.916] [INFO] sqlponse - 
*************** sql log start ***************
Sat Apr 10 2021 22:15:37 GMT+0800 (中国标准时间)Executing (default): CREATE TABLE IF NOT EXISTS `userInfo` (`userid` INTEGER UNSIGNED NOT NULL auto_increment , `name` VARCHAR(255) NOT NULL COMMENT '用户名称', `password` VARCHAR(255) NOT NULL COMMENT '用户密码', `phone` TINYTEXT COMMENT '手机号码', `question` VARCHAR(255) DEFAULT '' COMMENT '找回密码问题', `answer` VARCHAR(255) DEFAULT '' COMMENT '找回密码答案', `role` INTEGER(4) DEFAULT 1 COMMENT '角色0-管理员,1-普通用户', `creat_time` DATETIME NOT NULL, `updat_time` DATETIME NOT NULL, PRIMARY KEY (`userid`)) ENGINE=InnoDB COMMENT '用户表';
*************** sql log end ***************

[2021-04-10T22:15:37.924] [INFO] sqlponse - 
*************** sql log start ***************
Sat Apr 10 2021 22:15:37 GMT+0800 (中国标准时间)Executing (default): SHOW INDEX FROM `userInfo`
*************** sql log end ***************

[2021-04-10T22:54:10.038] [INFO] sqlponse - 
*************** sql log start ***************
Sat Apr 10 2021 22:54:10 GMT+0800 (中国标准时间)Executing (default): CREATE TABLE IF NOT EXISTS `userInfo` (`userid` INTEGER UNSIGNED NOT NULL auto_increment , `name` VARCHAR(255) NOT NULL COMMENT '用户名称', `password` VARCHAR(255) NOT NULL COMMENT '用户密码', `phone` TINYTEXT COMMENT '手机号码', `question` VARCHAR(255) DEFAULT '' COMMENT '找回密码问题', `answer` VARCHAR(255) DEFAULT '' COMMENT '找回密码答案', `role` INTEGER(4) DEFAULT 1 COMMENT '角色0-管理员,1-普通用户', `creat_time` DATETIME NOT NULL, `updat_time` DATETIME NOT NULL, PRIMARY KEY (`userid`)) ENGINE=InnoDB COMMENT '用户表';
*************** sql log end ***************

[2021-04-10T22:54:10.059] [INFO] sqlponse - 
*************** sql log start ***************
Sat Apr 10 2021 22:54:10 GMT+0800 (中国标准时间)Executing (default): SHOW INDEX FROM `userInfo`
*************** sql log end ***************

