[2021-04-10T21:00:02.039] [INFO] sqlponse - 
*************** sql log start ***************
Sat Apr 10 2021 21:00:02 GMT+0800 (中国标准时间)Executing (default): CREATE TABLE IF NOT EXISTS `userInfo` (`userid` INTEGER UNSIGNED NOT NULL auto_increment , `name` VARCHAR(255) NOT NULL COMMENT '用户名称', `password` VARCHAR(255) NOT NULL COMMENT '用户密码', `phone` TINYTEXT COMMENT '手机号码', `question` VARCHAR(255) DEFAULT '' COMMENT '找回密码问题', `answer` VARCHAR(255) DEFAULT '' COMMENT '找回密码答案', `role` INTEGER(4) DEFAULT 1 COMMENT '角色0-管理员,1-普通用户', `creat_time` DATETIME NOT NULL, `updat_time` DATETIME NOT NULL, PRIMARY KEY (`userid`)) ENGINE=InnoDB COMMENT '用户表';
*************** sql log end ***************

[2021-04-10T21:00:02.044] [INFO] sqlponse - 
*************** sql log start ***************
Sat Apr 10 2021 21:00:02 GMT+0800 (中国标准时间)Executing (default): SHOW INDEX FROM `userInfo`
*************** sql log end ***************

[2021-04-10T21:01:02.845] [INFO] sqlponse - 
*************** sql log start ***************
Sat Apr 10 2021 21:01:02 GMT+0800 (中国标准时间)Executing (default): CREATE TABLE IF NOT EXISTS `userInfo` (`userid` INTEGER UNSIGNED NOT NULL auto_increment , `name` VARCHAR(255) NOT NULL COMMENT '用户名称', `password` VARCHAR(255) NOT NULL COMMENT '用户密码', `phone` TINYTEXT COMMENT '手机号码', `question` VARCHAR(255) DEFAULT '' COMMENT '找回密码问题', `answer` VARCHAR(255) DEFAULT '' COMMENT '找回密码答案', `role` INTEGER(4) DEFAULT 1 COMMENT '角色0-管理员,1-普通用户', `creat_time` DATETIME NOT NULL, `updat_time` DATETIME NOT NULL, PRIMARY KEY (`userid`)) ENGINE=InnoDB COMMENT '用户表';
*************** sql log end ***************

[2021-04-10T21:01:02.865] [INFO] sqlponse - 
*************** sql log start ***************
Sat Apr 10 2021 21:01:02 GMT+0800 (中国标准时间)Executing (default): SHOW INDEX FROM `userInfo`
*************** sql log end ***************

[2021-04-10T21:01:07.725] [INFO] sqlponse - 
*************** sql log start ***************
Sat Apr 10 2021 21:01:07 GMT+0800 (中国标准时间)Executing (default): CREATE TABLE IF NOT EXISTS `userInfo` (`userid` INTEGER UNSIGNED NOT NULL auto_increment , `name` VARCHAR(255) NOT NULL COMMENT '用户名称', `password` VARCHAR(255) NOT NULL COMMENT '用户密码', `phone` TINYTEXT COMMENT '手机号码', `question` VARCHAR(255) DEFAULT '' COMMENT '找回密码问题', `answer` VARCHAR(255) DEFAULT '' COMMENT '找回密码答案', `role` INTEGER(4) DEFAULT 1 COMMENT '角色0-管理员,1-普通用户', `creat_time` DATETIME NOT NULL, `updat_time` DATETIME NOT NULL, PRIMARY KEY (`userid`)) ENGINE=InnoDB COMMENT '用户表';
*************** sql log end ***************

[2021-04-10T21:01:07.731] [INFO] sqlponse - 
*************** sql log start ***************
Sat Apr 10 2021 21:01:07 GMT+0800 (中国标准时间)Executing (default): SHOW INDEX FROM `userInfo`
*************** sql log end ***************

[2021-04-10T21:01:49.262] [INFO] sqlponse - 
*************** sql log start ***************
Sat Apr 10 2021 21:01:49 GMT+0800 (中国标准时间)Executing (default): CREATE TABLE IF NOT EXISTS `userInfo` (`userid` INTEGER UNSIGNED NOT NULL auto_increment , `name` VARCHAR(255) NOT NULL COMMENT '用户名称', `password` VARCHAR(255) NOT NULL COMMENT '用户密码', `phone` TINYTEXT COMMENT '手机号码', `question` VARCHAR(255) DEFAULT '' COMMENT '找回密码问题', `answer` VARCHAR(255) DEFAULT '' COMMENT '找回密码答案', `role` INTEGER(4) DEFAULT 1 COMMENT '角色0-管理员,1-普通用户', `creat_time` DATETIME NOT NULL, `updat_time` DATETIME NOT NULL, PRIMARY KEY (`userid`)) ENGINE=InnoDB COMMENT '用户表';
*************** sql log end ***************

[2021-04-10T21:01:49.282] [INFO] sqlponse - 
*************** sql log start ***************
Sat Apr 10 2021 21:01:49 GMT+0800 (中国标准时间)Executing (default): SHOW INDEX FROM `userInfo`
*************** sql log end ***************

[2021-04-10T21:02:14.006] [INFO] sqlponse - 
*************** sql log start ***************
Sat Apr 10 2021 21:02:14 GMT+0800 (中国标准时间)Executing (default): CREATE TABLE IF NOT EXISTS `userInfo` (`userid` INTEGER UNSIGNED NOT NULL auto_increment , `name` VARCHAR(255) NOT NULL COMMENT '用户名称', `password` VARCHAR(255) NOT NULL COMMENT '用户密码', `phone` TINYTEXT COMMENT '手机号码', `question` VARCHAR(255) DEFAULT '' COMMENT '找回密码问题', `answer` VARCHAR(255) DEFAULT '' COMMENT '找回密码答案', `role` INTEGER(4) DEFAULT 1 COMMENT '角色0-管理员,1-普通用户', `creat_time` DATETIME NOT NULL, `updat_time` DATETIME NOT NULL, PRIMARY KEY (`userid`)) ENGINE=InnoDB COMMENT '用户表';
*************** sql log end ***************

[2021-04-10T21:02:14.012] [INFO] sqlponse - 
*************** sql log start ***************
Sat Apr 10 2021 21:02:14 GMT+0800 (中国标准时间)Executing (default): SHOW INDEX FROM `userInfo`
*************** sql log end ***************

[2021-04-10T21:02:25.362] [INFO] sqlponse - 
*************** sql log start ***************
Sat Apr 10 2021 21:02:25 GMT+0800 (中国标准时间)Executing (default): CREATE TABLE IF NOT EXISTS `userInfo` (`userid` INTEGER UNSIGNED NOT NULL auto_increment , `name` VARCHAR(255) NOT NULL COMMENT '用户名称', `password` VARCHAR(255) NOT NULL COMMENT '用户密码', `phone` TINYTEXT COMMENT '手机号码', `question` VARCHAR(255) DEFAULT '' COMMENT '找回密码问题', `answer` VARCHAR(255) DEFAULT '' COMMENT '找回密码答案', `role` INTEGER(4) DEFAULT 1 COMMENT '角色0-管理员,1-普通用户', `creat_time` DATETIME NOT NULL, `updat_time` DATETIME NOT NULL, PRIMARY KEY (`userid`)) ENGINE=InnoDB COMMENT '用户表';
*************** sql log end ***************

[2021-04-10T21:02:25.368] [INFO] sqlponse - 
*************** sql log start ***************
Sat Apr 10 2021 21:02:25 GMT+0800 (中国标准时间)Executing (default): SHOW INDEX FROM `userInfo`
*************** sql log end ***************

[2021-04-10T21:02:54.354] [INFO] sqlponse - 
*************** sql log start ***************
Sat Apr 10 2021 21:02:54 GMT+0800 (中国标准时间)Executing (default): CREATE TABLE IF NOT EXISTS `userInfo` (`userid` INTEGER UNSIGNED NOT NULL auto_increment , `name` VARCHAR(255) NOT NULL COMMENT '用户名称', `password` VARCHAR(255) NOT NULL COMMENT '用户密码', `phone` TINYTEXT COMMENT '手机号码', `question` VARCHAR(255) DEFAULT '' COMMENT '找回密码问题', `answer` VARCHAR(255) DEFAULT '' COMMENT '找回密码答案', `role` INTEGER(4) DEFAULT 1 COMMENT '角色0-管理员,1-普通用户', `creat_time` DATETIME NOT NULL, `updat_time` DATETIME NOT NULL, PRIMARY KEY (`userid`)) ENGINE=InnoDB COMMENT '用户表';
*************** sql log end ***************

[2021-04-10T21:02:54.372] [INFO] sqlponse - 
*************** sql log start ***************
Sat Apr 10 2021 21:02:54 GMT+0800 (中国标准时间)Executing (default): SHOW INDEX FROM `userInfo`
*************** sql log end ***************

[2021-04-10T21:03:34.308] [INFO] sqlponse - 
*************** sql log start ***************
Sat Apr 10 2021 21:03:34 GMT+0800 (中国标准时间)Executing (default): CREATE TABLE IF NOT EXISTS `userInfo` (`userid` INTEGER UNSIGNED NOT NULL auto_increment , `name` VARCHAR(255) NOT NULL COMMENT '用户名称', `password` VARCHAR(255) NOT NULL COMMENT '用户密码', `phone` TINYTEXT COMMENT '手机号码', `question` VARCHAR(255) DEFAULT '' COMMENT '找回密码问题', `answer` VARCHAR(255) DEFAULT '' COMMENT '找回密码答案', `role` INTEGER(4) DEFAULT 1 COMMENT '角色0-管理员,1-普通用户', `creat_time` DATETIME NOT NULL, `updat_time` DATETIME NOT NULL, PRIMARY KEY (`userid`)) ENGINE=InnoDB COMMENT '用户表';
*************** sql log end ***************

[2021-04-10T21:03:34.347] [INFO] sqlponse - 
*************** sql log start ***************
Sat Apr 10 2021 21:03:34 GMT+0800 (中国标准时间)Executing (default): SHOW INDEX FROM `userInfo`
*************** sql log end ***************

[2021-04-10T21:03:39.381] [INFO] sqlponse - 
*************** sql log start ***************
Sat Apr 10 2021 21:03:39 GMT+0800 (中国标准时间)Executing (default): CREATE TABLE IF NOT EXISTS `userInfo` (`userid` INTEGER UNSIGNED NOT NULL auto_increment , `name` VARCHAR(255) NOT NULL COMMENT '用户名称', `password` VARCHAR(255) NOT NULL COMMENT '用户密码', `phone` TINYTEXT COMMENT '手机号码', `question` VARCHAR(255) DEFAULT '' COMMENT '找回密码问题', `answer` VARCHAR(255) DEFAULT '' COMMENT '找回密码答案', `role` INTEGER(4) DEFAULT 1 COMMENT '角色0-管理员,1-普通用户', `creat_time` DATETIME NOT NULL, `updat_time` DATETIME NOT NULL, PRIMARY KEY (`userid`)) ENGINE=InnoDB COMMENT '用户表';
*************** sql log end ***************

[2021-04-10T21:03:39.411] [INFO] sqlponse - 
*************** sql log start ***************
Sat Apr 10 2021 21:03:39 GMT+0800 (中国标准时间)Executing (default): SHOW INDEX FROM `userInfo`
*************** sql log end ***************

[2021-04-10T21:03:49.174] [INFO] sqlponse - 
*************** sql log start ***************
Sat Apr 10 2021 21:03:49 GMT+0800 (中国标准时间)Executing (default): CREATE TABLE IF NOT EXISTS `userInfo` (`userid` INTEGER UNSIGNED NOT NULL auto_increment , `name` VARCHAR(255) NOT NULL COMMENT '用户名称', `password` VARCHAR(255) NOT NULL COMMENT '用户密码', `phone` TINYTEXT COMMENT '手机号码', `question` VARCHAR(255) DEFAULT '' COMMENT '找回密码问题', `answer` VARCHAR(255) DEFAULT '' COMMENT '找回密码答案', `role` INTEGER(4) DEFAULT 1 COMMENT '角色0-管理员,1-普通用户', `creat_time` DATETIME NOT NULL, `updat_time` DATETIME NOT NULL, PRIMARY KEY (`userid`)) ENGINE=InnoDB COMMENT '用户表';
*************** sql log end ***************

[2021-04-10T21:03:49.180] [INFO] sqlponse - 
*************** sql log start ***************
Sat Apr 10 2021 21:03:49 GMT+0800 (中国标准时间)Executing (default): SHOW INDEX FROM `userInfo`
*************** sql log end ***************

[2021-04-10T21:04:37.455] [INFO] sqlponse - 
*************** sql log start ***************
Sat Apr 10 2021 21:04:37 GMT+0800 (中国标准时间)Executing (default): CREATE TABLE IF NOT EXISTS `userInfo` (`userid` INTEGER UNSIGNED NOT NULL auto_increment , `name` VARCHAR(255) NOT NULL COMMENT '用户名称', `password` VARCHAR(255) NOT NULL COMMENT '用户密码', `phone` TINYTEXT COMMENT '手机号码', `question` VARCHAR(255) DEFAULT '' COMMENT '找回密码问题', `answer` VARCHAR(255) DEFAULT '' COMMENT '找回密码答案', `role` INTEGER(4) DEFAULT 1 COMMENT '角色0-管理员,1-普通用户', `creat_time` DATETIME NOT NULL, `updat_time` DATETIME NOT NULL, PRIMARY KEY (`userid`)) ENGINE=InnoDB COMMENT '用户表';
*************** sql log end ***************

[2021-04-10T21:04:37.477] [INFO] sqlponse - 
*************** sql log start ***************
Sat Apr 10 2021 21:04:37 GMT+0800 (中国标准时间)Executing (default): SHOW INDEX FROM `userInfo`
*************** sql log end ***************

[2021-04-10T21:04:41.724] [INFO] sqlponse - 
*************** sql log start ***************
Sat Apr 10 2021 21:04:41 GMT+0800 (中国标准时间)Executing (default): CREATE TABLE IF NOT EXISTS `userInfo` (`userid` INTEGER UNSIGNED NOT NULL auto_increment , `name` VARCHAR(255) NOT NULL COMMENT '用户名称', `password` VARCHAR(255) NOT NULL COMMENT '用户密码', `phone` TINYTEXT COMMENT '手机号码', `question` VARCHAR(255) DEFAULT '' COMMENT '找回密码问题', `answer` VARCHAR(255) DEFAULT '' COMMENT '找回密码答案', `role` INTEGER(4) DEFAULT 1 COMMENT '角色0-管理员,1-普通用户', `creat_time` DATETIME NOT NULL, `updat_time` DATETIME NOT NULL, PRIMARY KEY (`userid`)) ENGINE=InnoDB COMMENT '用户表';
*************** sql log end ***************

[2021-04-10T21:04:41.741] [INFO] sqlponse - 
*************** sql log start ***************
Sat Apr 10 2021 21:04:41 GMT+0800 (中国标准时间)Executing (default): SHOW INDEX FROM `userInfo`
*************** sql log end ***************

[2021-04-10T21:06:20.282] [INFO] sqlponse - 
*************** sql log start ***************
Sat Apr 10 2021 21:06:20 GMT+0800 (中国标准时间)Executing (default): CREATE TABLE IF NOT EXISTS `userInfo` (`userid` INTEGER UNSIGNED NOT NULL auto_increment , `name` VARCHAR(255) NOT NULL COMMENT '用户名称', `password` VARCHAR(255) NOT NULL COMMENT '用户密码', `phone` TINYTEXT COMMENT '手机号码', `question` VARCHAR(255) DEFAULT '' COMMENT '找回密码问题', `answer` VARCHAR(255) DEFAULT '' COMMENT '找回密码答案', `role` INTEGER(4) DEFAULT 1 COMMENT '角色0-管理员,1-普通用户', `creat_time` DATETIME NOT NULL, `updat_time` DATETIME NOT NULL, PRIMARY KEY (`userid`)) ENGINE=InnoDB COMMENT '用户表';
*************** sql log end ***************

[2021-04-10T21:06:20.289] [INFO] sqlponse - 
*************** sql log start ***************
Sat Apr 10 2021 21:06:20 GMT+0800 (中国标准时间)Executing (default): SHOW INDEX FROM `userInfo`
*************** sql log end ***************

[2021-04-10T21:06:41.316] [INFO] sqlponse - 
*************** sql log start ***************
Sat Apr 10 2021 21:06:41 GMT+0800 (中国标准时间)Executing (default): CREATE TABLE IF NOT EXISTS `userInfo` (`userid` INTEGER UNSIGNED NOT NULL auto_increment , `name` VARCHAR(255) NOT NULL COMMENT '用户名称', `password` VARCHAR(255) NOT NULL COMMENT '用户密码', `phone` TINYTEXT COMMENT '手机号码', `question` VARCHAR(255) DEFAULT '' COMMENT '找回密码问题', `answer` VARCHAR(255) DEFAULT '' COMMENT '找回密码答案', `role` INTEGER(4) DEFAULT 1 COMMENT '角色0-管理员,1-普通用户', `creat_time` DATETIME NOT NULL, `updat_time` DATETIME NOT NULL, PRIMARY KEY (`userid`)) ENGINE=InnoDB COMMENT '用户表';
*************** sql log end ***************

[2021-04-10T21:06:41.324] [INFO] sqlponse - 
*************** sql log start ***************
Sat Apr 10 2021 21:06:41 GMT+0800 (中国标准时间)Executing (default): SHOW INDEX FROM `userInfo`
*************** sql log end ***************

[2021-04-10T21:06:44.612] [INFO] sqlponse - 
*************** sql log start ***************
Sat Apr 10 2021 21:06:44 GMT+0800 (中国标准时间)Executing (default): CREATE TABLE IF NOT EXISTS `userInfo` (`userid` INTEGER UNSIGNED NOT NULL auto_increment , `name` VARCHAR(255) NOT NULL COMMENT '用户名称', `password` VARCHAR(255) NOT NULL COMMENT '用户密码', `phone` TINYTEXT COMMENT '手机号码', `question` VARCHAR(255) DEFAULT '' COMMENT '找回密码问题', `answer` VARCHAR(255) DEFAULT '' COMMENT '找回密码答案', `role` INTEGER(4) DEFAULT 1 COMMENT '角色0-管理员,1-普通用户', `creat_time` DATETIME NOT NULL, `updat_time` DATETIME NOT NULL, PRIMARY KEY (`userid`)) ENGINE=InnoDB COMMENT '用户表';
*************** sql log end ***************

[2021-04-10T21:06:44.634] [INFO] sqlponse - 
*************** sql log start ***************
Sat Apr 10 2021 21:06:44 GMT+0800 (中国标准时间)Executing (default): SHOW INDEX FROM `userInfo`
*************** sql log end ***************

[2021-04-10T21:07:58.263] [INFO] sqlponse - 
*************** sql log start ***************
Sat Apr 10 2021 21:07:58 GMT+0800 (中国标准时间)Executing (default): CREATE TABLE IF NOT EXISTS `userInfo` (`userid` INTEGER UNSIGNED NOT NULL auto_increment , `name` VARCHAR(255) NOT NULL COMMENT '用户名称', `password` VARCHAR(255) NOT NULL COMMENT '用户密码', `phone` TINYTEXT COMMENT '手机号码', `question` VARCHAR(255) DEFAULT '' COMMENT '找回密码问题', `answer` VARCHAR(255) DEFAULT '' COMMENT '找回密码答案', `role` INTEGER(4) DEFAULT 1 COMMENT '角色0-管理员,1-普通用户', `creat_time` DATETIME NOT NULL, `updat_time` DATETIME NOT NULL, PRIMARY KEY (`userid`)) ENGINE=InnoDB COMMENT '用户表';
*************** sql log end ***************

[2021-04-10T21:07:58.277] [INFO] sqlponse - 
*************** sql log start ***************
Sat Apr 10 2021 21:07:58 GMT+0800 (中国标准时间)Executing (default): SHOW INDEX FROM `userInfo`
*************** sql log end ***************

[2021-04-10T21:10:02.403] [INFO] sqlponse - 
*************** sql log start ***************
Sat Apr 10 2021 21:10:02 GMT+0800 (中国标准时间)Executing (default): CREATE TABLE IF NOT EXISTS `userInfo` (`userid` INTEGER UNSIGNED NOT NULL auto_increment , `name` VARCHAR(255) NOT NULL COMMENT '用户名称', `password` VARCHAR(255) NOT NULL COMMENT '用户密码', `phone` TINYTEXT COMMENT '手机号码', `question` VARCHAR(255) DEFAULT '' COMMENT '找回密码问题', `answer` VARCHAR(255) DEFAULT '' COMMENT '找回密码答案', `role` INTEGER(4) DEFAULT 1 COMMENT '角色0-管理员,1-普通用户', `creat_time` DATETIME NOT NULL, `updat_time` DATETIME NOT NULL, PRIMARY KEY (`userid`)) ENGINE=InnoDB COMMENT '用户表';
*************** sql log end ***************

[2021-04-10T21:10:02.420] [INFO] sqlponse - 
*************** sql log start ***************
Sat Apr 10 2021 21:10:02 GMT+0800 (中国标准时间)Executing (default): SHOW INDEX FROM `userInfo`
*************** sql log end ***************

[2021-04-10T21:11:12.783] [INFO] sqlponse - 
*************** sql log start ***************
Sat Apr 10 2021 21:11:12 GMT+0800 (中国标准时间)Executing (default): CREATE TABLE IF NOT EXISTS `userInfo` (`userid` INTEGER UNSIGNED NOT NULL auto_increment , `name` VARCHAR(255) NOT NULL COMMENT '用户名称', `password` VARCHAR(255) NOT NULL COMMENT '用户密码', `phone` TINYTEXT COMMENT '手机号码', `question` VARCHAR(255) DEFAULT '' COMMENT '找回密码问题', `answer` VARCHAR(255) DEFAULT '' COMMENT '找回密码答案', `role` INTEGER(4) DEFAULT 1 COMMENT '角色0-管理员,1-普通用户', `creat_time` DATETIME NOT NULL, `updat_time` DATETIME NOT NULL, PRIMARY KEY (`userid`)) ENGINE=InnoDB COMMENT '用户表';
*************** sql log end ***************

[2021-04-10T21:11:12.788] [INFO] sqlponse - 
*************** sql log start ***************
Sat Apr 10 2021 21:11:12 GMT+0800 (中国标准时间)Executing (default): SHOW INDEX FROM `userInfo`
*************** sql log end ***************

[2021-04-10T21:11:16.591] [INFO] sqlponse - 
*************** sql log start ***************
Sat Apr 10 2021 21:11:16 GMT+0800 (中国标准时间)Executing (default): CREATE TABLE IF NOT EXISTS `userInfo` (`userid` INTEGER UNSIGNED NOT NULL auto_increment , `name` VARCHAR(255) NOT NULL COMMENT '用户名称', `password` VARCHAR(255) NOT NULL COMMENT '用户密码', `phone` TINYTEXT COMMENT '手机号码', `question` VARCHAR(255) DEFAULT '' COMMENT '找回密码问题', `answer` VARCHAR(255) DEFAULT '' COMMENT '找回密码答案', `role` INTEGER(4) DEFAULT 1 COMMENT '角色0-管理员,1-普通用户', `creat_time` DATETIME NOT NULL, `updat_time` DATETIME NOT NULL, PRIMARY KEY (`userid`)) ENGINE=InnoDB COMMENT '用户表';
*************** sql log end ***************

[2021-04-10T21:11:16.652] [INFO] sqlponse - 
*************** sql log start ***************
Sat Apr 10 2021 21:11:16 GMT+0800 (中国标准时间)Executing (default): SHOW INDEX FROM `userInfo`
*************** sql log end ***************

[2021-04-10T21:11:28.785] [INFO] sqlponse - 
*************** sql log start ***************
Sat Apr 10 2021 21:11:28 GMT+0800 (中国标准时间)Executing (default): CREATE TABLE IF NOT EXISTS `userInfo` (`userid` INTEGER UNSIGNED NOT NULL auto_increment , `name` VARCHAR(255) NOT NULL COMMENT '用户名称', `password` VARCHAR(255) NOT NULL COMMENT '用户密码', `phone` TINYTEXT COMMENT '手机号码', `question` VARCHAR(255) DEFAULT '' COMMENT '找回密码问题', `answer` VARCHAR(255) DEFAULT '' COMMENT '找回密码答案', `role` INTEGER(4) DEFAULT 1 COMMENT '角色0-管理员,1-普通用户', `creat_time` DATETIME NOT NULL, `updat_time` DATETIME NOT NULL, PRIMARY KEY (`userid`)) ENGINE=InnoDB COMMENT '用户表';
*************** sql log end ***************

[2021-04-10T21:11:28.986] [INFO] sqlponse - 
*************** sql log start ***************
Sat Apr 10 2021 21:11:28 GMT+0800 (中国标准时间)Executing (default): SHOW INDEX FROM `userInfo`
*************** sql log end ***************

[2021-04-10T21:12:04.912] [INFO] sqlponse - 
*************** sql log start ***************
Sat Apr 10 2021 21:12:04 GMT+0800 (中国标准时间)Executing (default): CREATE TABLE IF NOT EXISTS `userInfo` (`userid` INTEGER UNSIGNED NOT NULL auto_increment , `name` VARCHAR(255) NOT NULL COMMENT '用户名称', `password` VARCHAR(255) NOT NULL COMMENT '用户密码', `phone` TINYTEXT COMMENT '手机号码', `question` VARCHAR(255) DEFAULT '' COMMENT '找回密码问题', `answer` VARCHAR(255) DEFAULT '' COMMENT '找回密码答案', `role` INTEGER(4) DEFAULT 1 COMMENT '角色0-管理员,1-普通用户', `creat_time` DATETIME NOT NULL, `updat_time` DATETIME NOT NULL, PRIMARY KEY (`userid`)) ENGINE=InnoDB COMMENT '用户表';
*************** sql log end ***************

[2021-04-10T21:12:04.922] [INFO] sqlponse - 
*************** sql log start ***************
Sat Apr 10 2021 21:12:04 GMT+0800 (中国标准时间)Executing (default): SHOW INDEX FROM `userInfo`
*************** sql log end ***************

[2021-04-10T21:13:33.441] [INFO] sqlponse - 
*************** sql log start ***************
Sat Apr 10 2021 21:13:33 GMT+0800 (中国标准时间)Executing (default): CREATE TABLE IF NOT EXISTS `userInfo` (`userid` INTEGER UNSIGNED NOT NULL auto_increment , `name` VARCHAR(255) NOT NULL COMMENT '用户名称', `password` VARCHAR(255) NOT NULL COMMENT '用户密码', `phone` TINYTEXT COMMENT '手机号码', `question` VARCHAR(255) DEFAULT '' COMMENT '找回密码问题', `answer` VARCHAR(255) DEFAULT '' COMMENT '找回密码答案', `role` INTEGER(4) DEFAULT 1 COMMENT '角色0-管理员,1-普通用户', `creat_time` DATETIME NOT NULL, `updat_time` DATETIME NOT NULL, PRIMARY KEY (`userid`)) ENGINE=InnoDB COMMENT '用户表';
*************** sql log end ***************

[2021-04-10T21:13:33.447] [INFO] sqlponse - 
*************** sql log start ***************
Sat Apr 10 2021 21:13:33 GMT+0800 (中国标准时间)Executing (default): SHOW INDEX FROM `userInfo`
*************** sql log end ***************

[2021-04-10T21:13:36.469] [INFO] sqlponse - 
*************** sql log start ***************
Sat Apr 10 2021 21:13:36 GMT+0800 (中国标准时间)Executing (default): CREATE TABLE IF NOT EXISTS `userInfo` (`userid` INTEGER UNSIGNED NOT NULL auto_increment , `name` VARCHAR(255) NOT NULL COMMENT '用户名称', `password` VARCHAR(255) NOT NULL COMMENT '用户密码', `phone` TINYTEXT COMMENT '手机号码', `question` VARCHAR(255) DEFAULT '' COMMENT '找回密码问题', `answer` VARCHAR(255) DEFAULT '' COMMENT '找回密码答案', `role` INTEGER(4) DEFAULT 1 COMMENT '角色0-管理员,1-普通用户', `creat_time` DATETIME NOT NULL, `updat_time` DATETIME NOT NULL, PRIMARY KEY (`userid`)) ENGINE=InnoDB COMMENT '用户表';
*************** sql log end ***************

[2021-04-10T21:13:36.477] [INFO] sqlponse - 
*************** sql log start ***************
Sat Apr 10 2021 21:13:36 GMT+0800 (中国标准时间)Executing (default): SHOW INDEX FROM `userInfo`
*************** sql log end ***************

[2021-04-10T21:14:17.393] [INFO] sqlponse - 
*************** sql log start ***************
Sat Apr 10 2021 21:14:17 GMT+0800 (中国标准时间)Executing (default): CREATE TABLE IF NOT EXISTS `userInfo` (`userid` INTEGER UNSIGNED NOT NULL auto_increment , `name` VARCHAR(255) NOT NULL COMMENT '用户名称', `password` VARCHAR(255) NOT NULL COMMENT '用户密码', `phone` TINYTEXT COMMENT '手机号码', `question` VARCHAR(255) DEFAULT '' COMMENT '找回密码问题', `answer` VARCHAR(255) DEFAULT '' COMMENT '找回密码答案', `role` INTEGER(4) DEFAULT 1 COMMENT '角色0-管理员,1-普通用户', `creat_time` DATETIME NOT NULL, `updat_time` DATETIME NOT NULL, PRIMARY KEY (`userid`)) ENGINE=InnoDB COMMENT '用户表';
*************** sql log end ***************

[2021-04-10T21:14:17.407] [INFO] sqlponse - 
*************** sql log start ***************
Sat Apr 10 2021 21:14:17 GMT+0800 (中国标准时间)Executing (default): SHOW INDEX FROM `userInfo`
*************** sql log end ***************

[2021-04-10T21:16:22.694] [INFO] sqlponse - 
*************** sql log start ***************
Sat Apr 10 2021 21:16:22 GMT+0800 (中国标准时间)Executing (default): CREATE TABLE IF NOT EXISTS `userInfo` (`userid` INTEGER UNSIGNED NOT NULL auto_increment , `name` VARCHAR(255) NOT NULL COMMENT '用户名称', `password` VARCHAR(255) NOT NULL COMMENT '用户密码', `phone` TINYTEXT COMMENT '手机号码', `question` VARCHAR(255) DEFAULT '' COMMENT '找回密码问题', `answer` VARCHAR(255) DEFAULT '' COMMENT '找回密码答案', `role` INTEGER(4) DEFAULT 1 COMMENT '角色0-管理员,1-普通用户', `creat_time` DATETIME NOT NULL, `updat_time` DATETIME NOT NULL, PRIMARY KEY (`userid`)) ENGINE=InnoDB COMMENT '用户表';
*************** sql log end ***************

[2021-04-10T21:16:22.700] [INFO] sqlponse - 
*************** sql log start ***************
Sat Apr 10 2021 21:16:22 GMT+0800 (中国标准时间)Executing (default): SHOW INDEX FROM `userInfo`
*************** sql log end ***************

[2021-04-10T21:16:37.115] [INFO] sqlponse - 
*************** sql log start ***************
Sat Apr 10 2021 21:16:37 GMT+0800 (中国标准时间)Executing (default): CREATE TABLE IF NOT EXISTS `userInfo` (`userid` INTEGER UNSIGNED NOT NULL auto_increment , `name` VARCHAR(255) NOT NULL COMMENT '用户名称', `password` VARCHAR(255) NOT NULL COMMENT '用户密码', `phone` TINYTEXT COMMENT '手机号码', `question` VARCHAR(255) DEFAULT '' COMMENT '找回密码问题', `answer` VARCHAR(255) DEFAULT '' COMMENT '找回密码答案', `role` INTEGER(4) DEFAULT 1 COMMENT '角色0-管理员,1-普通用户', `creat_time` DATETIME NOT NULL, `updat_time` DATETIME NOT NULL, PRIMARY KEY (`userid`)) ENGINE=InnoDB COMMENT '用户表';
*************** sql log end ***************

[2021-04-10T21:16:37.126] [INFO] sqlponse - 
*************** sql log start ***************
Sat Apr 10 2021 21:16:37 GMT+0800 (中国标准时间)Executing (default): SHOW INDEX FROM `userInfo`
*************** sql log end ***************

[2021-04-10T21:16:42.183] [INFO] sqlponse - 
*************** sql log start ***************
Sat Apr 10 2021 21:16:42 GMT+0800 (中国标准时间)Executing (default): CREATE TABLE IF NOT EXISTS `userInfo` (`userid` INTEGER UNSIGNED NOT NULL auto_increment , `name` VARCHAR(255) NOT NULL COMMENT '用户名称', `password` VARCHAR(255) NOT NULL COMMENT '用户密码', `phone` TINYTEXT COMMENT '手机号码', `question` VARCHAR(255) DEFAULT '' COMMENT '找回密码问题', `answer` VARCHAR(255) DEFAULT '' COMMENT '找回密码答案', `role` INTEGER(4) DEFAULT 1 COMMENT '角色0-管理员,1-普通用户', `creat_time` DATETIME NOT NULL, `updat_time` DATETIME NOT NULL, PRIMARY KEY (`userid`)) ENGINE=InnoDB COMMENT '用户表';
*************** sql log end ***************

[2021-04-10T21:16:42.191] [INFO] sqlponse - 
*************** sql log start ***************
Sat Apr 10 2021 21:16:42 GMT+0800 (中国标准时间)Executing (default): SHOW INDEX FROM `userInfo`
*************** sql log end ***************

[2021-04-10T21:17:00.909] [INFO] sqlponse - 
*************** sql log start ***************
Sat Apr 10 2021 21:17:00 GMT+0800 (中国标准时间)Executing (default): CREATE TABLE IF NOT EXISTS `userInfo` (`userid` INTEGER UNSIGNED NOT NULL auto_increment , `name` VARCHAR(255) NOT NULL COMMENT '用户名称', `password` VARCHAR(255) NOT NULL COMMENT '用户密码', `phone` TINYTEXT COMMENT '手机号码', `question` VARCHAR(255) DEFAULT '' COMMENT '找回密码问题', `answer` VARCHAR(255) DEFAULT '' COMMENT '找回密码答案', `role` INTEGER(4) DEFAULT 1 COMMENT '角色0-管理员,1-普通用户', `creat_time` DATETIME NOT NULL, `updat_time` DATETIME NOT NULL, PRIMARY KEY (`userid`)) ENGINE=InnoDB COMMENT '用户表';
*************** sql log end ***************

[2021-04-10T21:17:00.949] [INFO] sqlponse - 
*************** sql log start ***************
Sat Apr 10 2021 21:17:00 GMT+0800 (中国标准时间)Executing (default): SHOW INDEX FROM `userInfo`
*************** sql log end ***************

[2021-04-10T21:17:17.190] [INFO] sqlponse - 
*************** sql log start ***************
Sat Apr 10 2021 21:17:17 GMT+0800 (中国标准时间)Executing (default): CREATE TABLE IF NOT EXISTS `userInfo` (`userid` INTEGER UNSIGNED NOT NULL auto_increment , `name` VARCHAR(255) NOT NULL COMMENT '用户名称', `password` VARCHAR(255) NOT NULL COMMENT '用户密码', `phone` TINYTEXT COMMENT '手机号码', `question` VARCHAR(255) DEFAULT '' COMMENT '找回密码问题', `answer` VARCHAR(255) DEFAULT '' COMMENT '找回密码答案', `role` INTEGER(4) DEFAULT 1 COMMENT '角色0-管理员,1-普通用户', `creat_time` DATETIME NOT NULL, `updat_time` DATETIME NOT NULL, PRIMARY KEY (`userid`)) ENGINE=InnoDB COMMENT '用户表';
*************** sql log end ***************

[2021-04-10T21:17:17.217] [INFO] sqlponse - 
*************** sql log start ***************
Sat Apr 10 2021 21:17:17 GMT+0800 (中国标准时间)Executing (default): SHOW INDEX FROM `userInfo`
*************** sql log end ***************

[2021-04-10T21:17:18.563] [INFO] sqlponse - 
*************** sql log start ***************
Sat Apr 10 2021 21:17:18 GMT+0800 (中国标准时间)Executing (default): CREATE TABLE IF NOT EXISTS `userInfo` (`userid` INTEGER UNSIGNED NOT NULL auto_increment , `name` VARCHAR(255) NOT NULL COMMENT '用户名称', `password` VARCHAR(255) NOT NULL COMMENT '用户密码', `phone` TINYTEXT COMMENT '手机号码', `question` VARCHAR(255) DEFAULT '' COMMENT '找回密码问题', `answer` VARCHAR(255) DEFAULT '' COMMENT '找回密码答案', `role` INTEGER(4) DEFAULT 1 COMMENT '角色0-管理员,1-普通用户', `creat_time` DATETIME NOT NULL, `updat_time` DATETIME NOT NULL, PRIMARY KEY (`userid`)) ENGINE=InnoDB COMMENT '用户表';
*************** sql log end ***************

[2021-04-10T21:17:18.574] [INFO] sqlponse - 
*************** sql log start ***************
Sat Apr 10 2021 21:17:18 GMT+0800 (中国标准时间)Executing (default): SHOW INDEX FROM `userInfo`
*************** sql log end ***************

[2021-04-10T21:17:20.574] [INFO] sqlponse - 
*************** sql log start ***************
Sat Apr 10 2021 21:17:20 GMT+0800 (中国标准时间)Executing (default): CREATE TABLE IF NOT EXISTS `userInfo` (`userid` INTEGER UNSIGNED NOT NULL auto_increment , `name` VARCHAR(255) NOT NULL COMMENT '用户名称', `password` VARCHAR(255) NOT NULL COMMENT '用户密码', `phone` TINYTEXT COMMENT '手机号码', `question` VARCHAR(255) DEFAULT '' COMMENT '找回密码问题', `answer` VARCHAR(255) DEFAULT '' COMMENT '找回密码答案', `role` INTEGER(4) DEFAULT 1 COMMENT '角色0-管理员,1-普通用户', `creat_time` DATETIME NOT NULL, `updat_time` DATETIME NOT NULL, PRIMARY KEY (`userid`)) ENGINE=InnoDB COMMENT '用户表';
*************** sql log end ***************

[2021-04-10T21:17:20.584] [INFO] sqlponse - 
*************** sql log start ***************
Sat Apr 10 2021 21:17:20 GMT+0800 (中国标准时间)Executing (default): SHOW INDEX FROM `userInfo`
*************** sql log end ***************

[2021-04-10T21:17:38.375] [INFO] sqlponse - 
*************** sql log start ***************
Sat Apr 10 2021 21:17:38 GMT+0800 (中国标准时间)Executing (default): CREATE TABLE IF NOT EXISTS `userInfo` (`userid` INTEGER UNSIGNED NOT NULL auto_increment , `name` VARCHAR(255) NOT NULL COMMENT '用户名称', `password` VARCHAR(255) NOT NULL COMMENT '用户密码', `phone` TINYTEXT COMMENT '手机号码', `question` VARCHAR(255) DEFAULT '' COMMENT '找回密码问题', `answer` VARCHAR(255) DEFAULT '' COMMENT '找回密码答案', `role` INTEGER(4) DEFAULT 1 COMMENT '角色0-管理员,1-普通用户', `creat_time` DATETIME NOT NULL, `updat_time` DATETIME NOT NULL, PRIMARY KEY (`userid`)) ENGINE=InnoDB COMMENT '用户表';
*************** sql log end ***************

[2021-04-10T21:17:38.384] [INFO] sqlponse - 
*************** sql log start ***************
Sat Apr 10 2021 21:17:38 GMT+0800 (中国标准时间)Executing (default): SHOW INDEX FROM `userInfo`
*************** sql log end ***************

[2021-04-10T21:19:01.834] [INFO] sqlponse - 
*************** sql log start ***************
Sat Apr 10 2021 21:19:01 GMT+0800 (中国标准时间)Executing (default): CREATE TABLE IF NOT EXISTS `userInfo` (`userid` INTEGER UNSIGNED NOT NULL auto_increment , `name` VARCHAR(255) NOT NULL COMMENT '用户名称', `password` VARCHAR(255) NOT NULL COMMENT '用户密码', `phone` TINYTEXT COMMENT '手机号码', `question` VARCHAR(255) DEFAULT '' COMMENT '找回密码问题', `answer` VARCHAR(255) DEFAULT '' COMMENT '找回密码答案', `role` INTEGER(4) DEFAULT 1 COMMENT '角色0-管理员,1-普通用户', `creat_time` DATETIME NOT NULL, `updat_time` DATETIME NOT NULL, PRIMARY KEY (`userid`)) ENGINE=InnoDB COMMENT '用户表';
*************** sql log end ***************

[2021-04-10T21:19:01.861] [INFO] sqlponse - 
*************** sql log start ***************
Sat Apr 10 2021 21:19:01 GMT+0800 (中国标准时间)Executing (default): SHOW INDEX FROM `userInfo`
*************** sql log end ***************

[2021-04-10T21:19:30.538] [INFO] sqlponse - 
*************** sql log start ***************
Sat Apr 10 2021 21:19:30 GMT+0800 (中国标准时间)Executing (default): CREATE TABLE IF NOT EXISTS `userInfo` (`userid` INTEGER UNSIGNED NOT NULL auto_increment , `name` VARCHAR(255) NOT NULL COMMENT '用户名称', `password` VARCHAR(255) NOT NULL COMMENT '用户密码', `phone` TINYTEXT COMMENT '手机号码', `question` VARCHAR(255) DEFAULT '' COMMENT '找回密码问题', `answer` VARCHAR(255) DEFAULT '' COMMENT '找回密码答案', `role` INTEGER(4) DEFAULT 1 COMMENT '角色0-管理员,1-普通用户', `creat_time` DATETIME NOT NULL, `updat_time` DATETIME NOT NULL, PRIMARY KEY (`userid`)) ENGINE=InnoDB COMMENT '用户表';
*************** sql log end ***************

[2021-04-10T21:19:30.543] [INFO] sqlponse - 
*************** sql log start ***************
Sat Apr 10 2021 21:19:30 GMT+0800 (中国标准时间)Executing (default): SHOW INDEX FROM `userInfo`
*************** sql log end ***************

[2021-04-10T21:19:43.740] [INFO] sqlponse - 
*************** sql log start ***************
Sat Apr 10 2021 21:19:43 GMT+0800 (中国标准时间)Executing (default): CREATE TABLE IF NOT EXISTS `userInfo` (`userid` INTEGER UNSIGNED NOT NULL auto_increment , `name` VARCHAR(255) NOT NULL COMMENT '用户名称', `password` VARCHAR(255) NOT NULL COMMENT '用户密码', `phone` TINYTEXT COMMENT '手机号码', `question` VARCHAR(255) DEFAULT '' COMMENT '找回密码问题', `answer` VARCHAR(255) DEFAULT '' COMMENT '找回密码答案', `role` INTEGER(4) DEFAULT 1 COMMENT '角色0-管理员,1-普通用户', `creat_time` DATETIME NOT NULL, `updat_time` DATETIME NOT NULL, PRIMARY KEY (`userid`)) ENGINE=InnoDB COMMENT '用户表';
*************** sql log end ***************

[2021-04-10T21:19:43.761] [INFO] sqlponse - 
*************** sql log start ***************
Sat Apr 10 2021 21:19:43 GMT+0800 (中国标准时间)Executing (default): SHOW INDEX FROM `userInfo`
*************** sql log end ***************

[2021-04-10T21:20:16.693] [INFO] sqlponse - 
*************** sql log start ***************
Sat Apr 10 2021 21:20:16 GMT+0800 (中国标准时间)Executing (default): CREATE TABLE IF NOT EXISTS `userInfo` (`userid` INTEGER UNSIGNED NOT NULL auto_increment , `name` VARCHAR(255) NOT NULL COMMENT '用户名称', `password` VARCHAR(255) NOT NULL COMMENT '用户密码', `phone` TINYTEXT COMMENT '手机号码', `question` VARCHAR(255) DEFAULT '' COMMENT '找回密码问题', `answer` VARCHAR(255) DEFAULT '' COMMENT '找回密码答案', `role` INTEGER(4) DEFAULT 1 COMMENT '角色0-管理员,1-普通用户', `creat_time` DATETIME NOT NULL, `updat_time` DATETIME NOT NULL, PRIMARY KEY (`userid`)) ENGINE=InnoDB COMMENT '用户表';
*************** sql log end ***************

[2021-04-10T21:20:16.698] [INFO] sqlponse - 
*************** sql log start ***************
Sat Apr 10 2021 21:20:16 GMT+0800 (中国标准时间)Executing (default): SHOW INDEX FROM `userInfo`
*************** sql log end ***************

[2021-04-10T21:20:21.880] [INFO] sqlponse - 
*************** sql log start ***************
Sat Apr 10 2021 21:20:21 GMT+0800 (中国标准时间)Executing (default): CREATE TABLE IF NOT EXISTS `userInfo` (`userid` INTEGER UNSIGNED NOT NULL auto_increment , `name` VARCHAR(255) NOT NULL COMMENT '用户名称', `password` VARCHAR(255) NOT NULL COMMENT '用户密码', `phone` TINYTEXT COMMENT '手机号码', `question` VARCHAR(255) DEFAULT '' COMMENT '找回密码问题', `answer` VARCHAR(255) DEFAULT '' COMMENT '找回密码答案', `role` INTEGER(4) DEFAULT 1 COMMENT '角色0-管理员,1-普通用户', `creat_time` DATETIME NOT NULL, `updat_time` DATETIME NOT NULL, PRIMARY KEY (`userid`)) ENGINE=InnoDB COMMENT '用户表';
*************** sql log end ***************

[2021-04-10T21:20:21.885] [INFO] sqlponse - 
*************** sql log start ***************
Sat Apr 10 2021 21:20:21 GMT+0800 (中国标准时间)Executing (default): SHOW INDEX FROM `userInfo`
*************** sql log end ***************

[2021-04-10T21:38:53.576] [INFO] sqlponse - 
*************** sql log start ***************
Sat Apr 10 2021 21:38:53 GMT+0800 (中国标准时间)Executing (default): CREATE TABLE IF NOT EXISTS `userInfo` (`userid` INTEGER UNSIGNED NOT NULL auto_increment , `name` VARCHAR(255) NOT NULL COMMENT '用户名称', `password` VARCHAR(255) NOT NULL COMMENT '用户密码', `phone` TINYTEXT COMMENT '手机号码', `question` VARCHAR(255) DEFAULT '' COMMENT '找回密码问题', `answer` VARCHAR(255) DEFAULT '' COMMENT '找回密码答案', `role` INTEGER(4) DEFAULT 1 COMMENT '角色0-管理员,1-普通用户', `creat_time` DATETIME NOT NULL, `updat_time` DATETIME NOT NULL, PRIMARY KEY (`userid`)) ENGINE=InnoDB COMMENT '用户表';
*************** sql log end ***************

[2021-04-10T21:38:53.584] [INFO] sqlponse - 
*************** sql log start ***************
Sat Apr 10 2021 21:38:53 GMT+0800 (中国标准时间)Executing (default): SHOW INDEX FROM `userInfo`
*************** sql log end ***************

[2021-04-10T21:40:07.349] [INFO] sqlponse - 
*************** sql log start ***************
Sat Apr 10 2021 21:40:07 GMT+0800 (中国标准时间)Executing (default): CREATE TABLE IF NOT EXISTS `userInfo` (`userid` INTEGER UNSIGNED NOT NULL auto_increment , `name` VARCHAR(255) NOT NULL COMMENT '用户名称', `password` VARCHAR(255) NOT NULL COMMENT '用户密码', `phone` TINYTEXT COMMENT '手机号码', `question` VARCHAR(255) DEFAULT '' COMMENT '找回密码问题', `answer` VARCHAR(255) DEFAULT '' COMMENT '找回密码答案', `role` INTEGER(4) DEFAULT 1 COMMENT '角色0-管理员,1-普通用户', `creat_time` DATETIME NOT NULL, `updat_time` DATETIME NOT NULL, PRIMARY KEY (`userid`)) ENGINE=InnoDB COMMENT '用户表';
*************** sql log end ***************

[2021-04-10T21:40:07.355] [INFO] sqlponse - 
*************** sql log start ***************
Sat Apr 10 2021 21:40:07 GMT+0800 (中国标准时间)Executing (default): SHOW INDEX FROM `userInfo`
*************** sql log end ***************

[2021-04-10T21:57:11.456] [INFO] sqlponse - 
*************** sql log start ***************
Sat Apr 10 2021 21:57:11 GMT+0800 (中国标准时间)Executing (default): CREATE TABLE IF NOT EXISTS `userInfo` (`userid` INTEGER UNSIGNED NOT NULL auto_increment , `name` VARCHAR(255) NOT NULL COMMENT '用户名称', `password` VARCHAR(255) NOT NULL COMMENT '用户密码', `phone` TINYTEXT COMMENT '手机号码', `question` VARCHAR(255) DEFAULT '' COMMENT '找回密码问题', `answer` VARCHAR(255) DEFAULT '' COMMENT '找回密码答案', `role` INTEGER(4) DEFAULT 1 COMMENT '角色0-管理员,1-普通用户', `creat_time` DATETIME NOT NULL, `updat_time` DATETIME NOT NULL, PRIMARY KEY (`userid`)) ENGINE=InnoDB COMMENT '用户表';
*************** sql log end ***************

[2021-04-10T21:57:11.462] [INFO] sqlponse - 
*************** sql log start ***************
Sat Apr 10 2021 21:57:11 GMT+0800 (中国标准时间)Executing (default): SHOW INDEX FROM `userInfo`
*************** sql log end ***************

[2021-04-10T21:59:26.019] [INFO] sqlponse - 
*************** sql log start ***************
Sat Apr 10 2021 21:59:26 GMT+0800 (中国标准时间)Executing (default): CREATE TABLE IF NOT EXISTS `userInfo` (`userid` INTEGER UNSIGNED NOT NULL auto_increment , `name` VARCHAR(255) NOT NULL COMMENT '用户名称', `password` VARCHAR(255) NOT NULL COMMENT '用户密码', `phone` TINYTEXT COMMENT '手机号码', `question` VARCHAR(255) DEFAULT '' COMMENT '找回密码问题', `answer` VARCHAR(255) DEFAULT '' COMMENT '找回密码答案', `role` INTEGER(4) DEFAULT 1 COMMENT '角色0-管理员,1-普通用户', `creat_time` DATETIME NOT NULL, `updat_time` DATETIME NOT NULL, PRIMARY KEY (`userid`)) ENGINE=InnoDB COMMENT '用户表';
*************** sql log end ***************

[2021-04-10T21:59:26.035] [INFO] sqlponse - 
*************** sql log start ***************
Sat Apr 10 2021 21:59:26 GMT+0800 (中国标准时间)Executing (default): SHOW INDEX FROM `userInfo`
*************** sql log end ***************

